{"C:\\Users\\Evig\\Desktop\\1946779-pizza-1\\src\\frontend\\src\\assets\\img\\cola.svg": {"path":"C:\\Users\\Evig\\Desktop\\1946779-pizza-1\\src\\frontend\\src\\assets\\img\\cola.svg","statementMap":{"0":{"start":{"line":1,"column":0},"end":{"line":1,"column":19}}},"fnMap":{},"branchMap":{},"s":{"0":2},"f":{},"b":{},"_coverageSchema":"43e27e138ebf9cfc5966b082cf9a028302ed4184","hash":"5b96bbe82f82a1f727659f487dfeb1b2f30f4bfd"}
,"C:\\Users\\Evig\\Desktop\\1946779-pizza-1\\src\\frontend\\src\\assets\\img\\potato.svg": {"path":"C:\\Users\\Evig\\Desktop\\1946779-pizza-1\\src\\frontend\\src\\assets\\img\\potato.svg","statementMap":{"0":{"start":{"line":1,"column":0},"end":{"line":1,"column":19}}},"fnMap":{},"branchMap":{},"s":{"0":1},"f":{},"b":{},"_coverageSchema":"43e27e138ebf9cfc5966b082cf9a028302ed4184","hash":"6a1162acbd6cabde775511299364434d89193cf2"}
,"C:\\Users\\Evig\\Desktop\\1946779-pizza-1\\src\\frontend\\src\\assets\\img\\sauce.svg": {"path":"C:\\Users\\Evig\\Desktop\\1946779-pizza-1\\src\\frontend\\src\\assets\\img\\sauce.svg","statementMap":{"0":{"start":{"line":1,"column":0},"end":{"line":1,"column":19}}},"fnMap":{},"branchMap":{},"s":{"0":1},"f":{},"b":{},"_coverageSchema":"43e27e138ebf9cfc5966b082cf9a028302ed4184","hash":"e15222fb07dfa17c271930a3cc5482f736cc4768"}
,"C:\\Users\\Evig\\Desktop\\1946779-pizza-1\\src\\frontend\\src\\common\\constants.js": {"path":"C:\\Users\\Evig\\Desktop\\1946779-pizza-1\\src\\frontend\\src\\common\\constants.js","statementMap":{"0":{"start":{"line":1,"column":27},"end":{"line":14,"column":1}},"1":{"start":{"line":16,"column":27},"end":{"line":35,"column":1}},"2":{"start":{"line":37,"column":28},"end":{"line":50,"column":1}},"3":{"start":{"line":52,"column":33},"end":{"line":113,"column":1}},"4":{"start":{"line":115,"column":26},"end":{"line":131,"column":1}},"5":{"start":{"line":133,"column":20},"end":{"line":133,"column":26}},"6":{"start":{"line":134,"column":37},"end":{"line":134,"column":46}},"7":{"start":{"line":135,"column":33},"end":{"line":135,"column":37}},"8":{"start":{"line":138,"column":26},"end":{"line":138,"column":178}},"9":{"start":{"line":139,"column":24},"end":{"line":139,"column":124}}},"fnMap":{},"branchMap":{},"s":{"0":29,"1":29,"2":29,"3":29,"4":29,"5":29,"6":29,"7":29,"8":29,"9":29},"f":{},"b":{},"_coverageSchema":"43e27e138ebf9cfc5966b082cf9a028302ed4184","hash":"cab9e229ee7f234e15452164e30c6c1e2dde76da"}
,"C:\\Users\\Evig\\Desktop\\1946779-pizza-1\\src\\frontend\\src\\common\\helpers.js": {"path":"C:\\Users\\Evig\\Desktop\\1946779-pizza-1\\src\\frontend\\src\\common\\helpers.js","statementMap":{"0":{"start":{"line":17,"column":31},"end":{"line":31,"column":1}},"1":{"start":{"line":18,"column":2},"end":{"line":30,"column":4}},"2":{"start":{"line":33,"column":23},"end":{"line":36,"column":1}},"3":{"start":{"line":34,"column":2},"end":{"line":34,"column":34}},"4":{"start":{"line":35,"column":2},"end":{"line":35,"column":31}},"5":{"start":{"line":39,"column":30},"end":{"line":46,"column":1}},"6":{"start":{"line":40,"column":23},"end":{"line":40,"column":25}},"7":{"start":{"line":41,"column":2},"end":{"line":44,"column":5}},"8":{"start":{"line":42,"column":20},"end":{"line":42,"column":36}},"9":{"start":{"line":43,"column":4},"end":{"line":43,"column":35}},"10":{"start":{"line":45,"column":2},"end":{"line":45,"column":24}},"11":{"start":{"line":49,"column":30},"end":{"line":59,"column":1}},"12":{"start":{"line":50,"column":18},"end":{"line":50,"column":20}},"13":{"start":{"line":51,"column":21},"end":{"line":51,"column":22}},"14":{"start":{"line":52,"column":2},"end":{"line":55,"column":5}},"15":{"start":{"line":53,"column":16},"end":{"line":53,"column":31}},"16":{"start":{"line":54,"column":4},"end":{"line":54,"column":26}},"17":{"start":{"line":56,"column":2},"end":{"line":58,"column":19}},"18":{"start":{"line":57,"column":4},"end":{"line":57,"column":17}},"19":{"start":{"line":61,"column":38},"end":{"line":75,"column":1}},"20":{"start":{"line":62,"column":22},"end":{"line":62,"column":24}},"21":{"start":{"line":63,"column":2},"end":{"line":72,"column":5}},"22":{"start":{"line":64,"column":4},"end":{"line":71,"column":6}},"23":{"start":{"line":74,"column":2},"end":{"line":74,"column":21}},"24":{"start":{"line":77,"column":36},"end":{"line":86,"column":1}},"25":{"start":{"line":78,"column":20},"end":{"line":78,"column":22}},"26":{"start":{"line":79,"column":2},"end":{"line":84,"column":5}},"27":{"start":{"line":80,"column":4},"end":{"line":83,"column":6}},"28":{"start":{"line":85,"column":2},"end":{"line":85,"column":20}},"29":{"start":{"line":89,"column":30},"end":{"line":95,"column":1}},"30":{"start":{"line":90,"column":2},"end":{"line":94,"column":4}},"31":{"start":{"line":92,"column":42},"end":{"line":92,"column":62}},"32":{"start":{"line":93,"column":45},"end":{"line":93,"column":65}},"33":{"start":{"line":98,"column":29},"end":{"line":104,"column":1}},"34":{"start":{"line":99,"column":2},"end":{"line":103,"column":4}},"35":{"start":{"line":101,"column":42},"end":{"line":101,"column":68}},"36":{"start":{"line":102,"column":45},"end":{"line":102,"column":71}},"37":{"start":{"line":107,"column":30},"end":{"line":113,"column":1}},"38":{"start":{"line":108,"column":2},"end":{"line":112,"column":4}},"39":{"start":{"line":110,"column":43},"end":{"line":110,"column":64}},"40":{"start":{"line":111,"column":46},"end":{"line":111,"column":67}},"41":{"start":{"line":116,"column":36},"end":{"line":122,"column":1}},"42":{"start":{"line":117,"column":2},"end":{"line":121,"column":3}},"43":{"start":{"line":119,"column":47},"end":{"line":119,"column":65}},"44":{"start":{"line":125,"column":29},"end":{"line":131,"column":1}},"45":{"start":{"line":126,"column":2},"end":{"line":130,"column":4}},"46":{"start":{"line":128,"column":50},"end":{"line":128,"column":68}},"47":{"start":{"line":129,"column":43},"end":{"line":129,"column":61}},"48":{"start":{"line":133,"column":32},"end":{"line":142,"column":1}},"49":{"start":{"line":134,"column":21},"end":{"line":134,"column":23}},"50":{"start":{"line":135,"column":2},"end":{"line":140,"column":5}},"51":{"start":{"line":136,"column":4},"end":{"line":139,"column":6}},"52":{"start":{"line":141,"column":2},"end":{"line":141,"column":20}}},"fnMap":{"0":{"name":"(anonymous_0)","decl":{"start":{"line":17,"column":31},"end":{"line":17,"column":32}},"loc":{"start":{"line":17,"column":43},"end":{"line":31,"column":1}},"line":17},"1":{"name":"(anonymous_1)","decl":{"start":{"line":33,"column":23},"end":{"line":33,"column":24}},"loc":{"start":{"line":33,"column":32},"end":{"line":36,"column":1}},"line":33},"2":{"name":"(anonymous_2)","decl":{"start":{"line":39,"column":30},"end":{"line":39,"column":31}},"loc":{"start":{"line":39,"column":48},"end":{"line":46,"column":1}},"line":39},"3":{"name":"(anonymous_3)","decl":{"start":{"line":41,"column":26},"end":{"line":41,"column":27}},"loc":{"start":{"line":41,"column":41},"end":{"line":44,"column":3}},"line":41},"4":{"name":"(anonymous_4)","decl":{"start":{"line":49,"column":30},"end":{"line":49,"column":31}},"loc":{"start":{"line":49,"column":49},"end":{"line":59,"column":1}},"line":49},"5":{"name":"(anonymous_5)","decl":{"start":{"line":52,"column":27},"end":{"line":52,"column":28}},"loc":{"start":{"line":52,"column":40},"end":{"line":55,"column":3}},"line":52},"6":{"name":"(anonymous_6)","decl":{"start":{"line":56,"column":26},"end":{"line":56,"column":27}},"loc":{"start":{"line":56,"column":41},"end":{"line":58,"column":3}},"line":56},"7":{"name":"(anonymous_7)","decl":{"start":{"line":61,"column":38},"end":{"line":61,"column":39}},"loc":{"start":{"line":61,"column":50},"end":{"line":75,"column":1}},"line":61},"8":{"name":"(anonymous_8)","decl":{"start":{"line":63,"column":18},"end":{"line":63,"column":19}},"loc":{"start":{"line":63,"column":27},"end":{"line":72,"column":3}},"line":63},"9":{"name":"(anonymous_9)","decl":{"start":{"line":77,"column":36},"end":{"line":77,"column":37}},"loc":{"start":{"line":77,"column":46},"end":{"line":86,"column":1}},"line":77},"10":{"name":"(anonymous_10)","decl":{"start":{"line":79,"column":16},"end":{"line":79,"column":17}},"loc":{"start":{"line":79,"column":21},"end":{"line":84,"column":3}},"line":79},"11":{"name":"(anonymous_11)","decl":{"start":{"line":89,"column":30},"end":{"line":89,"column":31}},"loc":{"start":{"line":89,"column":39},"end":{"line":95,"column":1}},"line":89},"12":{"name":"(anonymous_12)","decl":{"start":{"line":92,"column":27},"end":{"line":92,"column":28}},"loc":{"start":{"line":92,"column":42},"end":{"line":92,"column":62}},"line":92},"13":{"name":"(anonymous_13)","decl":{"start":{"line":93,"column":30},"end":{"line":93,"column":31}},"loc":{"start":{"line":93,"column":45},"end":{"line":93,"column":65}},"line":93},"14":{"name":"(anonymous_14)","decl":{"start":{"line":98,"column":29},"end":{"line":98,"column":30}},"loc":{"start":{"line":98,"column":38},"end":{"line":104,"column":1}},"line":98},"15":{"name":"(anonymous_15)","decl":{"start":{"line":101,"column":27},"end":{"line":101,"column":28}},"loc":{"start":{"line":101,"column":42},"end":{"line":101,"column":68}},"line":101},"16":{"name":"(anonymous_16)","decl":{"start":{"line":102,"column":30},"end":{"line":102,"column":31}},"loc":{"start":{"line":102,"column":45},"end":{"line":102,"column":71}},"line":102},"17":{"name":"(anonymous_17)","decl":{"start":{"line":107,"column":30},"end":{"line":107,"column":31}},"loc":{"start":{"line":107,"column":40},"end":{"line":113,"column":1}},"line":107},"18":{"name":"(anonymous_18)","decl":{"start":{"line":110,"column":28},"end":{"line":110,"column":29}},"loc":{"start":{"line":110,"column":43},"end":{"line":110,"column":64}},"line":110},"19":{"name":"(anonymous_19)","decl":{"start":{"line":111,"column":31},"end":{"line":111,"column":32}},"loc":{"start":{"line":111,"column":46},"end":{"line":111,"column":67}},"line":111},"20":{"name":"(anonymous_20)","decl":{"start":{"line":116,"column":36},"end":{"line":116,"column":37}},"loc":{"start":{"line":116,"column":44},"end":{"line":122,"column":1}},"line":116},"21":{"name":"(anonymous_21)","decl":{"start":{"line":119,"column":33},"end":{"line":119,"column":34}},"loc":{"start":{"line":119,"column":47},"end":{"line":119,"column":65}},"line":119},"22":{"name":"(anonymous_22)","decl":{"start":{"line":125,"column":29},"end":{"line":125,"column":30}},"loc":{"start":{"line":125,"column":37},"end":{"line":131,"column":1}},"line":125},"23":{"name":"(anonymous_23)","decl":{"start":{"line":128,"column":36},"end":{"line":128,"column":37}},"loc":{"start":{"line":128,"column":50},"end":{"line":128,"column":68}},"line":128},"24":{"name":"(anonymous_24)","decl":{"start":{"line":129,"column":29},"end":{"line":129,"column":30}},"loc":{"start":{"line":129,"column":43},"end":{"line":129,"column":61}},"line":129},"25":{"name":"(anonymous_25)","decl":{"start":{"line":133,"column":32},"end":{"line":133,"column":33}},"loc":{"start":{"line":133,"column":40},"end":{"line":142,"column":1}},"line":133},"26":{"name":"(anonymous_26)","decl":{"start":{"line":135,"column":16},"end":{"line":135,"column":17}},"loc":{"start":{"line":135,"column":23},"end":{"line":140,"column":3}},"line":135}},"branchMap":{},"s":{"0":26,"1":176,"2":26,"3":1,"4":1,"5":26,"6":30,"7":30,"8":30,"9":30,"10":30,"11":26,"12":1,"13":1,"14":1,"15":2,"16":2,"17":1,"18":2,"19":26,"20":7,"21":7,"22":7,"23":7,"24":26,"25":7,"26":7,"27":21,"28":7,"29":26,"30":7,"31":10,"32":10,"33":26,"34":10,"35":19,"36":19,"37":26,"38":9,"39":13,"40":13,"41":26,"42":61,"43":481,"44":26,"45":19,"46":37,"47":37,"48":26,"49":8,"50":8,"51":8,"52":8},"f":{"0":176,"1":1,"2":30,"3":30,"4":1,"5":2,"6":2,"7":7,"8":7,"9":7,"10":21,"11":7,"12":10,"13":10,"14":10,"15":19,"16":19,"17":9,"18":13,"19":13,"20":61,"21":481,"22":19,"23":37,"24":37,"25":8,"26":8},"b":{},"_coverageSchema":"43e27e138ebf9cfc5966b082cf9a028302ed4184","hash":"b04f897d3884fa6c7d0578a5f5b22aedf3a0ad6b"}
,"C:\\Users\\Evig\\Desktop\\1946779-pizza-1\\src\\frontend\\src\\common\\components\\AppDrag.vue": {"path":"C:\\Users\\Evig\\Desktop\\1946779-pizza-1\\src\\frontend\\src\\common\\components\\AppDrag.vue","statementMap":{"0":{"start":{"line":14,"column":0},"end":{"line":14,"column":null}},"1":{"start":{"line":30,"column":0},"end":{"line":30,"column":null}},"2":{"start":{"line":31,"column":0},"end":{"line":31,"column":null}},"3":{"start":{"line":32,"column":0},"end":{"line":32,"column":null}}},"fnMap":{"0":{"name":"(anonymous_1)","decl":{"start":{"line":29,"column":0},"end":{"line":29,"column":null}},"loc":{"start":{"line":29,"column":0},"end":{"line":36,"column":null}}}},"branchMap":{},"s":{"0":4,"1":1,"2":1,"3":1},"f":{"0":1},"b":{}}
,"C:\\Users\\Evig\\Desktop\\1946779-pizza-1\\src\\frontend\\src\\common\\components\\AppDrop.vue": {"path":"C:\\Users\\Evig\\Desktop\\1946779-pizza-1\\src\\frontend\\src\\common\\components\\AppDrop.vue","statementMap":{"0":{"start":{"line":13,"column":0},"end":{"line":13,"column":null}},"1":{"start":{"line":19,"column":0},"end":{"line":19,"column":null}},"2":{"start":{"line":20,"column":0},"end":{"line":24,"column":null}},"3":{"start":{"line":21,"column":0},"end":{"line":21,"column":null}},"4":{"start":{"line":23,"column":0},"end":{"line":23,"column":null}}},"fnMap":{"0":{"name":"(anonymous_1)","decl":{"start":{"line":18,"column":0},"end":{"line":18,"column":null}},"loc":{"start":{"line":18,"column":0},"end":{"line":25,"column":null}}}},"branchMap":{"0":{"loc":{"start":{"line":20,"column":0},"end":{"line":24,"column":null}},"type":"if","locations":[{"start":{"line":20,"column":0},"end":{"line":24,"column":null}},{"start":{"line":20,"column":0},"end":{"line":24,"column":null}}]}},"s":{"0":3,"1":1,"2":1,"3":1,"4":1},"f":{"0":1},"b":{"0":[1,0]}}
,"C:\\Users\\Evig\\Desktop\\1946779-pizza-1\\src\\frontend\\src\\common\\components\\AppInput.vue": {"path":"C:\\Users\\Evig\\Desktop\\1946779-pizza-1\\src\\frontend\\src\\common\\components\\AppInput.vue","statementMap":{"0":{"start":{"line":58,"column":0},"end":{"line":58,"column":null}}},"fnMap":{"0":{"name":"(anonymous_1)","decl":{"start":{"line":57,"column":0},"end":{"line":57,"column":null}},"loc":{"start":{"line":57,"column":0},"end":{"line":59,"column":null}}}},"branchMap":{},"s":{"0":17},"f":{"0":17},"b":{}}
,"C:\\Users\\Evig\\Desktop\\1946779-pizza-1\\src\\frontend\\src\\common\\enums\\notificationTypes.js": {"path":"C:\\Users\\Evig\\Desktop\\1946779-pizza-1\\src\\frontend\\src\\common\\enums\\notificationTypes.js","statementMap":{},"fnMap":{},"branchMap":{},"s":{},"f":{},"b":{},"_coverageSchema":"43e27e138ebf9cfc5966b082cf9a028302ed4184","hash":"b347b51c5a5a9b43c2b0ffc0ba85ff01f8f3578e"}
,"C:\\Users\\Evig\\Desktop\\1946779-pizza-1\\src\\frontend\\src\\common\\enums\\resources.js": {"path":"C:\\Users\\Evig\\Desktop\\1946779-pizza-1\\src\\frontend\\src\\common\\enums\\resources.js","statementMap":{},"fnMap":{},"branchMap":{},"s":{},"f":{},"b":{},"_coverageSchema":"43e27e138ebf9cfc5966b082cf9a028302ed4184","hash":"4e1aa3b92ded53bec2780df99ec8c7f3e009af29"}
,"C:\\Users\\Evig\\Desktop\\1946779-pizza-1\\src\\frontend\\src\\common\\mixins\\index.js": {"path":"C:\\Users\\Evig\\Desktop\\1946779-pizza-1\\src\\frontend\\src\\common\\mixins\\index.js","statementMap":{},"fnMap":{},"branchMap":{},"s":{},"f":{},"b":{},"_coverageSchema":"43e27e138ebf9cfc5966b082cf9a028302ed4184","hash":"3648eabd845e06dc5d4f7f2441aac6ae8b33e2ae"}
,"C:\\Users\\Evig\\Desktop\\1946779-pizza-1\\src\\frontend\\src\\common\\mixins\\logout.js": {"path":"C:\\Users\\Evig\\Desktop\\1946779-pizza-1\\src\\frontend\\src\\common\\mixins\\logout.js","statementMap":{"0":{"start":{"line":5,"column":6},"end":{"line":5,"column":48}},"1":{"start":{"line":7,"column":6},"end":{"line":7,"column":49}},"2":{"start":{"line":9,"column":6},"end":{"line":9,"column":40}}},"fnMap":{"0":{"name":"(anonymous_0)","decl":{"start":{"line":3,"column":4},"end":{"line":3,"column":5}},"loc":{"start":{"line":3,"column":20},"end":{"line":10,"column":5}},"line":3}},"branchMap":{},"s":{"0":1,"1":1,"2":1},"f":{"0":1},"b":{},"_coverageSchema":"43e27e138ebf9cfc5966b082cf9a028302ed4184","hash":"1b44cc3cacabeca748b4cb950df6ee3b55776ef9"}
,"C:\\Users\\Evig\\Desktop\\1946779-pizza-1\\src\\frontend\\src\\common\\mixins\\validator.js": {"path":"C:\\Users\\Evig\\Desktop\\1946779-pizza-1\\src\\frontend\\src\\common\\mixins\\validator.js","statementMap":{"0":{"start":{"line":3,"column":21},"end":{"line":22,"column":1}},"1":{"start":{"line":5,"column":19},"end":{"line":5,"column":34}},"2":{"start":{"line":9,"column":19},"end":{"line":9,"column":34}},"3":{"start":{"line":13,"column":19},"end":{"line":15,"column":12}},"4":{"start":{"line":19,"column":19},"end":{"line":19,"column":56}},"5":{"start":{"line":30,"column":25},"end":{"line":42,"column":1}},"6":{"start":{"line":31,"column":14},"end":{"line":31,"column":16}},"7":{"start":{"line":32,"column":2},"end":{"line":40,"column":5}},"8":{"start":{"line":33,"column":4},"end":{"line":35,"column":5}},"9":{"start":{"line":34,"column":6},"end":{"line":34,"column":13}},"10":{"start":{"line":36,"column":30},"end":{"line":36,"column":48}},"11":{"start":{"line":37,"column":4},"end":{"line":39,"column":5}},"12":{"start":{"line":38,"column":6},"end":{"line":38,"column":22}},"13":{"start":{"line":41,"column":2},"end":{"line":41,"column":15}},"14":{"start":{"line":47,"column":20},"end":{"line":47,"column":24}},"15":{"start":{"line":48,"column":6},"end":{"line":56,"column":9}},"16":{"start":{"line":49,"column":8},"end":{"line":52,"column":10}},"17":{"start":{"line":53,"column":8},"end":{"line":55,"column":9}},"18":{"start":{"line":54,"column":10},"end":{"line":54,"column":26}},"19":{"start":{"line":57,"column":6},"end":{"line":57,"column":21}},"20":{"start":{"line":60,"column":6},"end":{"line":62,"column":7}},"21":{"start":{"line":61,"column":8},"end":{"line":61,"column":15}},"22":{"start":{"line":63,"column":6},"end":{"line":65,"column":9}},"23":{"start":{"line":64,"column":8},"end":{"line":64,"column":54}}},"fnMap":{"0":{"name":"(anonymous_0)","decl":{"start":{"line":5,"column":10},"end":{"line":5,"column":11}},"loc":{"start":{"line":5,"column":19},"end":{"line":5,"column":34}},"line":5},"1":{"name":"(anonymous_1)","decl":{"start":{"line":9,"column":10},"end":{"line":9,"column":11}},"loc":{"start":{"line":9,"column":19},"end":{"line":9,"column":34}},"line":9},"2":{"name":"(anonymous_2)","decl":{"start":{"line":13,"column":10},"end":{"line":13,"column":11}},"loc":{"start":{"line":13,"column":19},"end":{"line":15,"column":12}},"line":13},"3":{"name":"(anonymous_3)","decl":{"start":{"line":19,"column":10},"end":{"line":19,"column":11}},"loc":{"start":{"line":19,"column":19},"end":{"line":19,"column":56}},"line":19},"4":{"name":"(anonymous_4)","decl":{"start":{"line":30,"column":25},"end":{"line":30,"column":26}},"loc":{"start":{"line":30,"column":50},"end":{"line":42,"column":1}},"line":30},"5":{"name":"(anonymous_5)","decl":{"start":{"line":32,"column":23},"end":{"line":32,"column":24}},"loc":{"start":{"line":32,"column":38},"end":{"line":40,"column":3}},"line":32},"6":{"name":"(anonymous_6)","decl":{"start":{"line":46,"column":4},"end":{"line":46,"column":5}},"loc":{"start":{"line":46,"column":41},"end":{"line":58,"column":5}},"line":46},"7":{"name":"(anonymous_7)","decl":{"start":{"line":48,"column":39},"end":{"line":48,"column":40}},"loc":{"start":{"line":48,"column":46},"end":{"line":56,"column":7}},"line":48},"8":{"name":"(anonymous_8)","decl":{"start":{"line":59,"column":4},"end":{"line":59,"column":5}},"loc":{"start":{"line":59,"column":29},"end":{"line":66,"column":5}},"line":59},"9":{"name":"(anonymous_9)","decl":{"start":{"line":63,"column":44},"end":{"line":63,"column":45}},"loc":{"start":{"line":63,"column":51},"end":{"line":65,"column":7}},"line":63}},"branchMap":{"0":{"loc":{"start":{"line":13,"column":19},"end":{"line":15,"column":12}},"type":"cond-expr","locations":[{"start":{"line":14,"column":8},"end":{"line":14,"column":52}},{"start":{"line":15,"column":8},"end":{"line":15,"column":12}}],"line":13},"1":{"loc":{"start":{"line":19,"column":19},"end":{"line":19,"column":56}},"type":"cond-expr","locations":[{"start":{"line":19,"column":29},"end":{"line":19,"column":49}},{"start":{"line":19,"column":52},"end":{"line":19,"column":56}}],"line":19},"2":{"loc":{"start":{"line":33,"column":4},"end":{"line":35,"column":5}},"type":"if","locations":[{"start":{"line":33,"column":4},"end":{"line":35,"column":5}},{"start":{"line":33,"column":4},"end":{"line":35,"column":5}}],"line":33},"3":{"loc":{"start":{"line":37,"column":4},"end":{"line":39,"column":5}},"type":"if","locations":[{"start":{"line":37,"column":4},"end":{"line":39,"column":5}},{"start":{"line":37,"column":4},"end":{"line":39,"column":5}}],"line":37},"4":{"loc":{"start":{"line":53,"column":8},"end":{"line":55,"column":9}},"type":"if","locations":[{"start":{"line":53,"column":8},"end":{"line":55,"column":9}},{"start":{"line":53,"column":8},"end":{"line":55,"column":9}}],"line":53},"5":{"loc":{"start":{"line":60,"column":6},"end":{"line":62,"column":7}},"type":"if","locations":[{"start":{"line":60,"column":6},"end":{"line":62,"column":7}},{"start":{"line":60,"column":6},"end":{"line":62,"column":7}}],"line":60}},"s":{"0":4,"1":0,"2":4,"3":2,"4":0,"5":4,"6":4,"7":4,"8":6,"9":0,"10":6,"11":6,"12":2,"13":4,"14":2,"15":2,"16":4,"17":4,"18":2,"19":2,"20":2,"21":0,"22":2,"23":4},"f":{"0":0,"1":4,"2":2,"3":0,"4":4,"5":6,"6":2,"7":4,"8":2,"9":4},"b":{"0":[1,1],"1":[0,0],"2":[0,6],"3":[2,4],"4":[2,2],"5":[0,2]},"_coverageSchema":"43e27e138ebf9cfc5966b082cf9a028302ed4184","hash":"ba1dc3c3ec8630fbf927a8d65cbb8efc45c8f880"}
,"C:\\Users\\Evig\\Desktop\\1946779-pizza-1\\src\\frontend\\src\\layouts\\AppLayout.vue": {"path":"C:\\Users\\Evig\\Desktop\\1946779-pizza-1\\src\\frontend\\src\\layouts\\AppLayout.vue","statementMap":{"0":{"start":{"line":16,"column":0},"end":{"line":16,"column":null}},"1":{"start":{"line":40,"column":0},"end":{"line":40,"column":null}},"2":{"start":{"line":41,"column":0},"end":{"line":41,"column":null}}},"fnMap":{"0":{"name":"(anonymous_1)","decl":{"start":{"line":31,"column":0},"end":{"line":31,"column":null}},"loc":{"start":{"line":31,"column":0},"end":{"line":31,"column":null}}},"1":{"name":"(anonymous_2)","decl":{"start":{"line":39,"column":0},"end":{"line":39,"column":null}},"loc":{"start":{"line":39,"column":0},"end":{"line":42,"column":null}}},"2":{"name":"(anonymous_3)","decl":{"start":{"line":41,"column":0},"end":{"line":41,"column":null}},"loc":{"start":{"line":41,"column":0},"end":{"line":41,"column":null}}}},"branchMap":{"0":{"loc":{"start":{"line":40,"column":0},"end":{"line":40,"column":null}},"type":"binary-expr","locations":[{"start":{"line":40,"column":0},"end":{"line":40,"column":null}},{"start":{"line":40,"column":0},"end":{"line":40,"column":null}}]}},"s":{"0":1,"1":1,"2":3},"f":{"0":0,"1":1,"2":2},"b":{"0":[1,1]}}
,"C:\\Users\\Evig\\Desktop\\1946779-pizza-1\\src\\frontend\\src\\layouts\\AppLayoutHeader.vue": {"path":"C:\\Users\\Evig\\Desktop\\1946779-pizza-1\\src\\frontend\\src\\layouts\\AppLayoutHeader.vue","statementMap":{"0":{"start":{"line":87,"column":0},"end":{"line":87,"column":null}},"1":{"start":{"line":88,"column":0},"end":{"line":88,"column":null}}},"fnMap":{"0":{"name":"(anonymous_1)","decl":{"start":{"line":96,"column":0},"end":{"line":96,"column":null}},"loc":{"start":{"line":96,"column":0},"end":{"line":96,"column":null}}}},"branchMap":{},"s":{"0":3,"1":3},"f":{"0":0},"b":{}}
,"C:\\Users\\Evig\\Desktop\\1946779-pizza-1\\src\\frontend\\src\\layouts\\AppLayoutMain.vue": {"path":"C:\\Users\\Evig\\Desktop\\1946779-pizza-1\\src\\frontend\\src\\layouts\\AppLayoutMain.vue","statementMap":{"0":{"start":{"line":14,"column":0},"end":{"line":14,"column":null}}},"fnMap":{"0":{"name":"(anonymous_1)","decl":{"start":{"line":29,"column":0},"end":{"line":29,"column":null}},"loc":{"start":{"line":29,"column":0},"end":{"line":29,"column":null}}}},"branchMap":{},"s":{"0":1},"f":{"0":0},"b":{}}
,"C:\\Users\\Evig\\Desktop\\1946779-pizza-1\\src\\frontend\\src\\layouts\\AppLayoutProfile.vue": {"path":"C:\\Users\\Evig\\Desktop\\1946779-pizza-1\\src\\frontend\\src\\layouts\\AppLayoutProfile.vue","statementMap":{"0":{"start":{"line":19,"column":0},"end":{"line":19,"column":null}},"1":{"start":{"line":20,"column":0},"end":{"line":20,"column":null}},"2":{"start":{"line":43,"column":0},"end":{"line":43,"column":null}}},"fnMap":{"0":{"name":"(anonymous_1)","decl":{"start":{"line":39,"column":0},"end":{"line":39,"column":null}},"loc":{"start":{"line":39,"column":0},"end":{"line":39,"column":null}}},"1":{"name":"(anonymous_2)","decl":{"start":{"line":42,"column":0},"end":{"line":42,"column":null}},"loc":{"start":{"line":42,"column":0},"end":{"line":46,"column":null}}}},"branchMap":{},"s":{"0":1,"1":1,"2":3},"f":{"0":0,"1":3},"b":{}}
,"C:\\Users\\Evig\\Desktop\\1946779-pizza-1\\src\\frontend\\src\\modules\\builder\\BuilderDoughSelector.vue": {"path":"C:\\Users\\Evig\\Desktop\\1946779-pizza-1\\src\\frontend\\src\\modules\\builder\\BuilderDoughSelector.vue","statementMap":{"0":{"start":{"line":23,"column":0},"end":{"line":23,"column":null}},"1":{"start":{"line":39,"column":0},"end":{"line":39,"column":null}},"2":{"start":{"line":43,"column":0},"end":{"line":45,"column":null}},"3":{"start":{"line":44,"column":0},"end":{"line":44,"column":null}}},"fnMap":{"0":{"name":"(anonymous_1)","decl":{"start":{"line":38,"column":0},"end":{"line":38,"column":null}},"loc":{"start":{"line":38,"column":0},"end":{"line":40,"column":null}}},"1":{"name":"(anonymous_2)","decl":{"start":{"line":42,"column":0},"end":{"line":42,"column":null}},"loc":{"start":{"line":42,"column":0},"end":{"line":46,"column":null}}}},"branchMap":{"0":{"loc":{"start":{"line":43,"column":0},"end":{"line":45,"column":null}},"type":"if","locations":[{"start":{"line":43,"column":0},"end":{"line":45,"column":null}},{"start":{"line":43,"column":0},"end":{"line":45,"column":null}}]}},"s":{"0":2,"1":2,"2":8,"3":7},"f":{"0":2,"1":8},"b":{"0":[7,1]}}
,"C:\\Users\\Evig\\Desktop\\1946779-pizza-1\\src\\frontend\\src\\modules\\builder\\BuilderIngredient.vue": {"path":"C:\\Users\\Evig\\Desktop\\1946779-pizza-1\\src\\frontend\\src\\modules\\builder\\BuilderIngredient.vue","statementMap":{"0":{"start":{"line":26,"column":0},"end":{"line":26,"column":null}},"1":{"start":{"line":27,"column":0},"end":{"line":27,"column":null}},"2":{"start":{"line":29,"column":0},"end":{"line":29,"column":null}},"3":{"start":{"line":47,"column":0},"end":{"line":47,"column":null}},"4":{"start":{"line":48,"column":0},"end":{"line":48,"column":null}},"5":{"start":{"line":52,"column":0},"end":{"line":52,"column":null}}},"fnMap":{"0":{"name":"(anonymous_1)","decl":{"start":{"line":46,"column":0},"end":{"line":46,"column":null}},"loc":{"start":{"line":46,"column":0},"end":{"line":49,"column":null}}},"1":{"name":"(anonymous_2)","decl":{"start":{"line":51,"column":0},"end":{"line":51,"column":null}},"loc":{"start":{"line":51,"column":0},"end":{"line":53,"column":null}}}},"branchMap":{},"s":{"0":3,"1":3,"2":3,"3":1,"4":1,"5":19},"f":{"0":1,"1":19},"b":{}}
,"C:\\Users\\Evig\\Desktop\\1946779-pizza-1\\src\\frontend\\src\\modules\\builder\\BuilderIngredientsSelector.vue": {"path":"C:\\Users\\Evig\\Desktop\\1946779-pizza-1\\src\\frontend\\src\\modules\\builder\\BuilderIngredientsSelector.vue","statementMap":{"0":{"start":{"line":33,"column":0},"end":{"line":33,"column":null}},"1":{"start":{"line":34,"column":0},"end":{"line":34,"column":null}},"2":{"start":{"line":36,"column":0},"end":{"line":36,"column":null}}},"fnMap":{},"branchMap":{},"s":{"0":2,"1":2,"2":2},"f":{},"b":{}}
,"C:\\Users\\Evig\\Desktop\\1946779-pizza-1\\src\\frontend\\src\\modules\\builder\\BuilderPizzaView.vue": {"path":"C:\\Users\\Evig\\Desktop\\1946779-pizza-1\\src\\frontend\\src\\modules\\builder\\BuilderPizzaView.vue","statementMap":{"0":{"start":{"line":46,"column":0},"end":{"line":46,"column":null}},"1":{"start":{"line":47,"column":0},"end":{"line":47,"column":null}},"2":{"start":{"line":55,"column":0},"end":{"line":55,"column":null}},"3":{"start":{"line":66,"column":0},"end":{"line":66,"column":null}},"4":{"start":{"line":73,"column":0},"end":{"line":73,"column":null}},"5":{"start":{"line":77,"column":0},"end":{"line":77,"column":null}},"6":{"start":{"line":81,"column":0},"end":{"line":81,"column":null}},"7":{"start":{"line":82,"column":0},"end":{"line":89,"column":null}},"8":{"start":{"line":83,"column":0},"end":{"line":88,"column":null}},"9":{"start":{"line":83,"column":0},"end":{"line":83,"column":null}},"10":{"start":{"line":84,"column":0},"end":{"line":84,"column":null}},"11":{"start":{"line":85,"column":0},"end":{"line":85,"column":null}},"12":{"start":{"line":86,"column":0},"end":{"line":86,"column":null}},"13":{"start":{"line":87,"column":0},"end":{"line":87,"column":null}},"14":{"start":{"line":91,"column":0},"end":{"line":91,"column":null}},"15":{"start":{"line":95,"column":0},"end":{"line":95,"column":null}}},"fnMap":{"0":{"name":"(anonymous_1)","decl":{"start":{"line":54,"column":0},"end":{"line":54,"column":null}},"loc":{"start":{"line":54,"column":0},"end":{"line":58,"column":null}}},"1":{"name":"(anonymous_2)","decl":{"start":{"line":65,"column":0},"end":{"line":65,"column":null}},"loc":{"start":{"line":65,"column":0},"end":{"line":67,"column":null}}},"2":{"name":"(anonymous_3)","decl":{"start":{"line":72,"column":0},"end":{"line":72,"column":null}},"loc":{"start":{"line":72,"column":0},"end":{"line":74,"column":null}}},"3":{"name":"(anonymous_4)","decl":{"start":{"line":76,"column":0},"end":{"line":76,"column":null}},"loc":{"start":{"line":76,"column":0},"end":{"line":78,"column":null}}},"4":{"name":"(anonymous_5)","decl":{"start":{"line":80,"column":0},"end":{"line":80,"column":null}},"loc":{"start":{"line":80,"column":0},"end":{"line":92,"column":null}}},"5":{"name":"(anonymous_6)","decl":{"start":{"line":82,"column":0},"end":{"line":82,"column":null}},"loc":{"start":{"line":82,"column":0},"end":{"line":89,"column":null}}},"6":{"name":"(anonymous_7)","decl":{"start":{"line":94,"column":0},"end":{"line":94,"column":null}},"loc":{"start":{"line":94,"column":0},"end":{"line":96,"column":null}}}},"branchMap":{},"s":{"0":2,"1":2,"2":16,"3":9,"4":17,"5":17,"6":17,"7":17,"8":9,"9":9,"10":16,"11":16,"12":16,"13":16,"14":17,"15":16},"f":{"0":16,"1":9,"2":17,"3":17,"4":17,"5":9,"6":16},"b":{}}
,"C:\\Users\\Evig\\Desktop\\1946779-pizza-1\\src\\frontend\\src\\modules\\builder\\BuilderSauceSelector.vue": {"path":"C:\\Users\\Evig\\Desktop\\1946779-pizza-1\\src\\frontend\\src\\modules\\builder\\BuilderSauceSelector.vue","statementMap":{"0":{"start":{"line":18,"column":0},"end":{"line":18,"column":null}},"1":{"start":{"line":35,"column":0},"end":{"line":35,"column":null}},"2":{"start":{"line":39,"column":0},"end":{"line":41,"column":null}},"3":{"start":{"line":40,"column":0},"end":{"line":40,"column":null}}},"fnMap":{"0":{"name":"(anonymous_1)","decl":{"start":{"line":34,"column":0},"end":{"line":34,"column":null}},"loc":{"start":{"line":34,"column":0},"end":{"line":36,"column":null}}},"1":{"name":"(anonymous_2)","decl":{"start":{"line":38,"column":0},"end":{"line":38,"column":null}},"loc":{"start":{"line":38,"column":0},"end":{"line":42,"column":null}}}},"branchMap":{"0":{"loc":{"start":{"line":39,"column":0},"end":{"line":41,"column":null}},"type":"if","locations":[{"start":{"line":39,"column":0},"end":{"line":41,"column":null}},{"start":{"line":39,"column":0},"end":{"line":41,"column":null}}]}},"s":{"0":3,"1":1,"2":8,"3":1},"f":{"0":1,"1":8},"b":{"0":[1,7]}}
,"C:\\Users\\Evig\\Desktop\\1946779-pizza-1\\src\\frontend\\src\\modules\\builder\\BuilderSizeSelector.vue": {"path":"C:\\Users\\Evig\\Desktop\\1946779-pizza-1\\src\\frontend\\src\\modules\\builder\\BuilderSizeSelector.vue","statementMap":{"0":{"start":{"line":22,"column":0},"end":{"line":22,"column":null}},"1":{"start":{"line":38,"column":0},"end":{"line":38,"column":null}},"2":{"start":{"line":42,"column":0},"end":{"line":44,"column":null}},"3":{"start":{"line":43,"column":0},"end":{"line":43,"column":null}}},"fnMap":{"0":{"name":"(anonymous_1)","decl":{"start":{"line":37,"column":0},"end":{"line":37,"column":null}},"loc":{"start":{"line":37,"column":0},"end":{"line":39,"column":null}}},"1":{"name":"(anonymous_2)","decl":{"start":{"line":41,"column":0},"end":{"line":41,"column":null}},"loc":{"start":{"line":41,"column":0},"end":{"line":45,"column":null}}}},"branchMap":{"0":{"loc":{"start":{"line":42,"column":0},"end":{"line":44,"column":null}},"type":"if","locations":[{"start":{"line":42,"column":0},"end":{"line":44,"column":null}},{"start":{"line":42,"column":0},"end":{"line":44,"column":null}}]}},"s":{"0":2,"1":2,"2":9,"3":7},"f":{"0":2,"1":9},"b":{"0":[7,2]}}
,"C:\\Users\\Evig\\Desktop\\1946779-pizza-1\\src\\frontend\\src\\modules\\cart\\CartAdditionalItem.vue": {"path":"C:\\Users\\Evig\\Desktop\\1946779-pizza-1\\src\\frontend\\src\\modules\\cart\\CartAdditionalItem.vue","statementMap":{"0":{"start":{"line":30,"column":0},"end":{"line":30,"column":null}},"1":{"start":{"line":31,"column":0},"end":{"line":31,"column":null}},"2":{"start":{"line":48,"column":0},"end":{"line":48,"column":null}}},"fnMap":{"0":{"name":"(anonymous_1)","decl":{"start":{"line":47,"column":0},"end":{"line":47,"column":null}},"loc":{"start":{"line":47,"column":0},"end":{"line":49,"column":null}}}},"branchMap":{},"s":{"0":2,"1":2,"2":1},"f":{"0":1},"b":{}}
,"C:\\Users\\Evig\\Desktop\\1946779-pizza-1\\src\\frontend\\src\\modules\\cart\\CartPizzaItem.vue": {"path":"C:\\Users\\Evig\\Desktop\\1946779-pizza-1\\src\\frontend\\src\\modules\\cart\\CartPizzaItem.vue","statementMap":{"0":{"start":{"line":54,"column":0},"end":{"line":54,"column":null}},"1":{"start":{"line":55,"column":0},"end":{"line":55,"column":null}},"2":{"start":{"line":56,"column":0},"end":{"line":56,"column":null}},"3":{"start":{"line":57,"column":0},"end":{"line":57,"column":null}},"4":{"start":{"line":72,"column":0},"end":{"line":72,"column":null}},"5":{"start":{"line":75,"column":0},"end":{"line":75,"column":null}},"6":{"start":{"line":78,"column":0},"end":{"line":78,"column":null}},"7":{"start":{"line":81,"column":0},"end":{"line":81,"column":null}},"8":{"start":{"line":89,"column":0},"end":{"line":89,"column":null}},"9":{"start":{"line":92,"column":0},"end":{"line":92,"column":null}},"10":{"start":{"line":93,"column":0},"end":{"line":93,"column":null}},"11":{"start":{"line":94,"column":0},"end":{"line":94,"column":null}}},"fnMap":{"0":{"name":"(anonymous_1)","decl":{"start":{"line":71,"column":0},"end":{"line":71,"column":null}},"loc":{"start":{"line":71,"column":0},"end":{"line":73,"column":null}}},"1":{"name":"(anonymous_2)","decl":{"start":{"line":72,"column":0},"end":{"line":72,"column":null}},"loc":{"start":{"line":72,"column":0},"end":{"line":72,"column":null}}},"2":{"name":"(anonymous_3)","decl":{"start":{"line":74,"column":0},"end":{"line":74,"column":null}},"loc":{"start":{"line":74,"column":0},"end":{"line":76,"column":null}}},"3":{"name":"(anonymous_4)","decl":{"start":{"line":75,"column":0},"end":{"line":75,"column":null}},"loc":{"start":{"line":75,"column":0},"end":{"line":75,"column":null}}},"4":{"name":"(anonymous_5)","decl":{"start":{"line":77,"column":0},"end":{"line":77,"column":null}},"loc":{"start":{"line":77,"column":0},"end":{"line":79,"column":null}}},"5":{"name":"(anonymous_6)","decl":{"start":{"line":78,"column":0},"end":{"line":78,"column":null}},"loc":{"start":{"line":78,"column":0},"end":{"line":78,"column":null}}},"6":{"name":"(anonymous_7)","decl":{"start":{"line":80,"column":0},"end":{"line":80,"column":null}},"loc":{"start":{"line":80,"column":0},"end":{"line":82,"column":null}}},"7":{"name":"(anonymous_8)","decl":{"start":{"line":88,"column":0},"end":{"line":88,"column":null}},"loc":{"start":{"line":88,"column":0},"end":{"line":90,"column":null}}},"8":{"name":"(anonymous_9)","decl":{"start":{"line":91,"column":0},"end":{"line":91,"column":null}},"loc":{"start":{"line":91,"column":0},"end":{"line":95,"column":null}}}},"branchMap":{},"s":{"0":2,"1":2,"2":2,"3":2,"4":58,"5":58,"6":87,"7":29,"8":1,"9":1,"10":1,"11":1},"f":{"0":29,"1":29,"2":29,"3":29,"4":29,"5":58,"6":29,"7":1,"8":1},"b":{}}
,"C:\\Users\\Evig\\Desktop\\1946779-pizza-1\\src\\frontend\\src\\modules\\order\\OrderAdditionalItem.vue": {"path":"C:\\Users\\Evig\\Desktop\\1946779-pizza-1\\src\\frontend\\src\\modules\\order\\OrderAdditionalItem.vue","statementMap":{"0":{"start":{"line":21,"column":0},"end":{"line":21,"column":null}},"1":{"start":{"line":35,"column":0},"end":{"line":35,"column":null}},"2":{"start":{"line":39,"column":0},"end":{"line":39,"column":null}},"3":{"start":{"line":43,"column":0},"end":{"line":43,"column":null}}},"fnMap":{"0":{"name":"(anonymous_1)","decl":{"start":{"line":28,"column":0},"end":{"line":28,"column":null}},"loc":{"start":{"line":28,"column":0},"end":{"line":28,"column":null}}},"1":{"name":"(anonymous_2)","decl":{"start":{"line":34,"column":0},"end":{"line":34,"column":null}},"loc":{"start":{"line":34,"column":0},"end":{"line":36,"column":null}}},"2":{"name":"(anonymous_3)","decl":{"start":{"line":35,"column":0},"end":{"line":35,"column":null}},"loc":{"start":{"line":35,"column":0},"end":{"line":35,"column":null}}},"3":{"name":"(anonymous_4)","decl":{"start":{"line":38,"column":0},"end":{"line":38,"column":null}},"loc":{"start":{"line":38,"column":0},"end":{"line":40,"column":null}}},"4":{"name":"(anonymous_5)","decl":{"start":{"line":39,"column":0},"end":{"line":39,"column":null}},"loc":{"start":{"line":39,"column":0},"end":{"line":39,"column":null}}},"5":{"name":"(anonymous_6)","decl":{"start":{"line":42,"column":0},"end":{"line":42,"column":null}},"loc":{"start":{"line":42,"column":0},"end":{"line":44,"column":null}}},"6":{"name":"(anonymous_7)","decl":{"start":{"line":43,"column":0},"end":{"line":43,"column":null}},"loc":{"start":{"line":43,"column":0},"end":{"line":43,"column":null}}}},"branchMap":{},"s":{"0":3,"1":83,"2":83,"3":83},"f":{"0":0,"1":31,"2":52,"3":31,"4":52,"5":31,"6":52},"b":{}}
,"C:\\Users\\Evig\\Desktop\\1946779-pizza-1\\src\\frontend\\src\\modules\\order\\OrderMainUnit.vue": {"path":"C:\\Users\\Evig\\Desktop\\1946779-pizza-1\\src\\frontend\\src\\modules\\order\\OrderMainUnit.vue","statementMap":{"0":{"start":{"line":90,"column":0},"end":{"line":90,"column":null}},"1":{"start":{"line":91,"column":0},"end":{"line":91,"column":null}},"2":{"start":{"line":92,"column":0},"end":{"line":92,"column":null}},"3":{"start":{"line":110,"column":0},"end":{"line":110,"column":null}},"4":{"start":{"line":114,"column":0},"end":{"line":114,"column":null}},"5":{"start":{"line":115,"column":0},"end":{"line":115,"column":null}},"6":{"start":{"line":124,"column":0},"end":{"line":124,"column":null}},"7":{"start":{"line":126,"column":0},"end":{"line":140,"column":null}},"8":{"start":{"line":127,"column":0},"end":{"line":127,"column":null}},"9":{"start":{"line":129,"column":0},"end":{"line":133,"column":null}},"10":{"start":{"line":130,"column":0},"end":{"line":130,"column":null}},"11":{"start":{"line":131,"column":0},"end":{"line":131,"column":null}},"12":{"start":{"line":132,"column":0},"end":{"line":132,"column":null}},"13":{"start":{"line":135,"column":0},"end":{"line":137,"column":null}},"14":{"start":{"line":135,"column":0},"end":{"line":135,"column":null}},"15":{"start":{"line":136,"column":0},"end":{"line":136,"column":null}},"16":{"start":{"line":137,"column":0},"end":{"line":137,"column":null}},"17":{"start":{"line":139,"column":0},"end":{"line":139,"column":null}},"18":{"start":{"line":142,"column":0},"end":{"line":142,"column":null}},"19":{"start":{"line":144,"column":0},"end":{"line":146,"column":null}},"20":{"start":{"line":145,"column":0},"end":{"line":145,"column":null}},"21":{"start":{"line":148,"column":0},"end":{"line":148,"column":null}}},"fnMap":{"0":{"name":"(anonymous_1)","decl":{"start":{"line":109,"column":0},"end":{"line":109,"column":null}},"loc":{"start":{"line":109,"column":0},"end":{"line":111,"column":null}}},"1":{"name":"(anonymous_2)","decl":{"start":{"line":113,"column":0},"end":{"line":113,"column":null}},"loc":{"start":{"line":113,"column":0},"end":{"line":116,"column":null}}},"2":{"name":"(anonymous_3)","decl":{"start":{"line":123,"column":0},"end":{"line":123,"column":null}},"loc":{"start":{"line":123,"column":0},"end":{"line":149,"column":null}}},"3":{"name":"(anonymous_4)","decl":{"start":{"line":126,"column":0},"end":{"line":126,"column":null}},"loc":{"start":{"line":126,"column":0},"end":{"line":140,"column":null}}},"4":{"name":"(anonymous_5)","decl":{"start":{"line":129,"column":0},"end":{"line":129,"column":null}},"loc":{"start":{"line":129,"column":0},"end":{"line":133,"column":null}}},"5":{"name":"(anonymous_6)","decl":{"start":{"line":130,"column":0},"end":{"line":130,"column":null}},"loc":{"start":{"line":130,"column":0},"end":{"line":130,"column":null}}},"6":{"name":"(anonymous_7)","decl":{"start":{"line":135,"column":0},"end":{"line":135,"column":null}},"loc":{"start":{"line":135,"column":0},"end":{"line":135,"column":null}}},"7":{"name":"(anonymous_9)","decl":{"start":{"line":136,"column":0},"end":{"line":136,"column":null}},"loc":{"start":{"line":137,"column":0},"end":{"line":137,"column":null}}},"8":{"name":"(anonymous_10)","decl":{"start":{"line":144,"column":0},"end":{"line":144,"column":null}},"loc":{"start":{"line":144,"column":0},"end":{"line":146,"column":null}}},"9":{"name":"(anonymous_11)","decl":{"start":{"line":145,"column":0},"end":{"line":145,"column":null}},"loc":{"start":{"line":145,"column":0},"end":{"line":145,"column":null}}}},"branchMap":{},"s":{"0":2,"1":2,"2":2,"3":1,"4":1,"5":1,"6":9,"7":9,"8":9,"9":9,"10":41,"11":9,"12":9,"13":9,"14":16,"15":16,"16":8,"17":9,"18":9,"19":9,"20":75,"21":9},"f":{"0":1,"1":1,"2":9,"3":9,"4":9,"5":32,"6":32,"7":8,"8":27,"9":48},"b":{}}
,"C:\\Users\\Evig\\Desktop\\1946779-pizza-1\\src\\frontend\\src\\modules\\order\\OrderPizzaItem.vue": {"path":"C:\\Users\\Evig\\Desktop\\1946779-pizza-1\\src\\frontend\\src\\modules\\order\\OrderPizzaItem.vue","statementMap":{"0":{"start":{"line":35,"column":0},"end":{"line":35,"column":null}},"1":{"start":{"line":49,"column":0},"end":{"line":49,"column":null}},"2":{"start":{"line":53,"column":0},"end":{"line":53,"column":null}},"3":{"start":{"line":57,"column":0},"end":{"line":57,"column":null}},"4":{"start":{"line":61,"column":0},"end":{"line":61,"column":null}},"5":{"start":{"line":63,"column":0},"end":{"line":63,"column":null}},"6":{"start":{"line":67,"column":0},"end":{"line":67,"column":null}},"7":{"start":{"line":69,"column":0},"end":{"line":73,"column":null}},"8":{"start":{"line":70,"column":0},"end":{"line":70,"column":null}},"9":{"start":{"line":71,"column":0},"end":{"line":71,"column":null}},"10":{"start":{"line":72,"column":0},"end":{"line":72,"column":null}},"11":{"start":{"line":75,"column":0},"end":{"line":77,"column":null}},"12":{"start":{"line":75,"column":0},"end":{"line":75,"column":null}},"13":{"start":{"line":76,"column":0},"end":{"line":76,"column":null}},"14":{"start":{"line":77,"column":0},"end":{"line":77,"column":null}}},"fnMap":{"0":{"name":"(anonymous_1)","decl":{"start":{"line":42,"column":0},"end":{"line":42,"column":null}},"loc":{"start":{"line":42,"column":0},"end":{"line":42,"column":null}}},"1":{"name":"(anonymous_2)","decl":{"start":{"line":48,"column":0},"end":{"line":48,"column":null}},"loc":{"start":{"line":48,"column":0},"end":{"line":50,"column":null}}},"2":{"name":"(anonymous_3)","decl":{"start":{"line":49,"column":0},"end":{"line":49,"column":null}},"loc":{"start":{"line":49,"column":0},"end":{"line":49,"column":null}}},"3":{"name":"(anonymous_4)","decl":{"start":{"line":52,"column":0},"end":{"line":52,"column":null}},"loc":{"start":{"line":52,"column":0},"end":{"line":54,"column":null}}},"4":{"name":"(anonymous_5)","decl":{"start":{"line":53,"column":0},"end":{"line":53,"column":null}},"loc":{"start":{"line":53,"column":0},"end":{"line":53,"column":null}}},"5":{"name":"(anonymous_6)","decl":{"start":{"line":56,"column":0},"end":{"line":56,"column":null}},"loc":{"start":{"line":56,"column":0},"end":{"line":58,"column":null}}},"6":{"name":"(anonymous_7)","decl":{"start":{"line":57,"column":0},"end":{"line":57,"column":null}},"loc":{"start":{"line":57,"column":0},"end":{"line":57,"column":null}}},"7":{"name":"(anonymous_8)","decl":{"start":{"line":60,"column":0},"end":{"line":60,"column":null}},"loc":{"start":{"line":60,"column":0},"end":{"line":64,"column":null}}},"8":{"name":"(anonymous_9)","decl":{"start":{"line":61,"column":0},"end":{"line":61,"column":null}},"loc":{"start":{"line":61,"column":0},"end":{"line":61,"column":null}}},"9":{"name":"(anonymous_11)","decl":{"start":{"line":66,"column":0},"end":{"line":66,"column":null}},"loc":{"start":{"line":66,"column":0},"end":{"line":78,"column":null}}},"10":{"name":"(anonymous_12)","decl":{"start":{"line":69,"column":0},"end":{"line":69,"column":null}},"loc":{"start":{"line":69,"column":0},"end":{"line":73,"column":null}}},"11":{"name":"(anonymous_13)","decl":{"start":{"line":70,"column":0},"end":{"line":70,"column":null}},"loc":{"start":{"line":70,"column":0},"end":{"line":70,"column":null}}},"12":{"name":"(anonymous_14)","decl":{"start":{"line":75,"column":0},"end":{"line":75,"column":null}},"loc":{"start":{"line":75,"column":0},"end":{"line":75,"column":null}}},"13":{"name":"(anonymous_16)","decl":{"start":{"line":76,"column":0},"end":{"line":76,"column":null}},"loc":{"start":{"line":77,"column":0},"end":{"line":77,"column":null}}}},"branchMap":{},"s":{"0":3,"1":23,"2":34,"3":34,"4":68,"5":12,"6":12,"7":12,"8":56,"9":12,"10":12,"11":12,"12":22,"13":22,"14":11},"f":{"0":0,"1":12,"2":11,"3":12,"4":22,"5":12,"6":22,"7":12,"8":56,"9":12,"10":12,"11":44,"12":44,"13":11},"b":{}}
,"C:\\Users\\Evig\\Desktop\\1946779-pizza-1\\src\\frontend\\src\\modules\\profile\\ProfileFormAddress.vue": {"path":"C:\\Users\\Evig\\Desktop\\1946779-pizza-1\\src\\frontend\\src\\modules\\profile\\ProfileFormAddress.vue","statementMap":{"0":{"start":{"line":99,"column":0},"end":{"line":99,"column":null}},"1":{"start":{"line":114,"column":0},"end":{"line":114,"column":null}},"2":{"start":{"line":131,"column":0},"end":{"line":144,"column":null}},"3":{"start":{"line":132,"column":0},"end":{"line":132,"column":null}},"4":{"start":{"line":141,"column":0},"end":{"line":141,"column":null}},"5":{"start":{"line":143,"column":0},"end":{"line":143,"column":null}},"6":{"start":{"line":146,"column":0},"end":{"line":146,"column":null}},"7":{"start":{"line":148,"column":0},"end":{"line":148,"column":null}},"8":{"start":{"line":149,"column":0},"end":{"line":149,"column":null}},"9":{"start":{"line":150,"column":0},"end":{"line":150,"column":null}},"10":{"start":{"line":151,"column":0},"end":{"line":151,"column":null}},"11":{"start":{"line":152,"column":0},"end":{"line":152,"column":null}},"12":{"start":{"line":154,"column":0},"end":{"line":154,"column":null}}},"fnMap":{"0":{"name":"(anonymous_1)","decl":{"start":{"line":114,"column":0},"end":{"line":114,"column":null}},"loc":{"start":{"line":114,"column":0},"end":{"line":114,"column":null}}},"1":{"name":"(anonymous_2)","decl":{"start":{"line":130,"column":0},"end":{"line":130,"column":null}},"loc":{"start":{"line":130,"column":0},"end":{"line":155,"column":null}}}},"branchMap":{"0":{"loc":{"start":{"line":131,"column":0},"end":{"line":144,"column":null}},"type":"if","locations":[{"start":{"line":131,"column":0},"end":{"line":144,"column":null}},{"start":{"line":131,"column":0},"end":{"line":144,"column":null}}]}},"s":{"0":2,"1":18,"2":3,"3":1,"4":1,"5":2,"6":3,"7":3,"8":3,"9":3,"10":3,"11":3,"12":3},"f":{"0":18,"1":3},"b":{"0":[1,2]}}
,"C:\\Users\\Evig\\Desktop\\1946779-pizza-1\\src\\frontend\\src\\plugins\\axios.js": {"path":"C:\\Users\\Evig\\Desktop\\1946779-pizza-1\\src\\frontend\\src\\plugins\\axios.js","statementMap":{"0":{"start":{"line":5,"column":22},"end":{"line":7,"column":2}},"1":{"start":{"line":10,"column":0},"end":{"line":16,"column":3}},"2":{"start":{"line":10,"column":47},"end":{"line":10,"column":50}},"3":{"start":{"line":11,"column":25},"end":{"line":11,"column":75}},"4":{"start":{"line":12,"column":2},"end":{"line":14,"column":4}},"5":{"start":{"line":15,"column":2},"end":{"line":15,"column":27}}},"fnMap":{"0":{"name":"(anonymous_0)","decl":{"start":{"line":10,"column":40},"end":{"line":10,"column":41}},"loc":{"start":{"line":10,"column":47},"end":{"line":10,"column":50}},"line":10},"1":{"name":"(anonymous_1)","decl":{"start":{"line":10,"column":52},"end":{"line":10,"column":53}},"loc":{"start":{"line":10,"column":57},"end":{"line":16,"column":1}},"line":10}},"branchMap":{"0":{"loc":{"start":{"line":13,"column":4},"end":{"line":13,"column":55}},"type":"binary-expr","locations":[{"start":{"line":13,"column":4},"end":{"line":13,"column":37}},{"start":{"line":13,"column":41},"end":{"line":13,"column":55}}],"line":13}},"s":{"0":26,"1":26,"2":0,"3":0,"4":0,"5":0},"f":{"0":0,"1":0},"b":{"0":[0,0]},"_coverageSchema":"43e27e138ebf9cfc5966b082cf9a028302ed4184","hash":"0b2a37e15e9a34eefd9a76244dd0885187e06974"}
,"C:\\Users\\Evig\\Desktop\\1946779-pizza-1\\src\\frontend\\src\\plugins\\notifier.js": {"path":"C:\\Users\\Evig\\Desktop\\1946779-pizza-1\\src\\frontend\\src\\plugins\\notifier.js","statementMap":{"0":{"start":{"line":6,"column":4},"end":{"line":6,"column":24}},"1":{"start":{"line":10,"column":4},"end":{"line":13,"column":7}},"2":{"start":{"line":17,"column":4},"end":{"line":20,"column":7}},"3":{"start":{"line":24,"column":4},"end":{"line":24,"column":22}},"4":{"start":{"line":25,"column":4},"end":{"line":28,"column":7}},"5":{"start":{"line":32,"column":4},"end":{"line":35,"column":7}}},"fnMap":{"0":{"name":"(anonymous_0)","decl":{"start":{"line":5,"column":2},"end":{"line":5,"column":3}},"loc":{"start":{"line":5,"column":21},"end":{"line":7,"column":3}},"line":5},"1":{"name":"(anonymous_1)","decl":{"start":{"line":9,"column":2},"end":{"line":9,"column":3}},"loc":{"start":{"line":9,"column":13},"end":{"line":14,"column":3}},"line":9},"2":{"name":"(anonymous_2)","decl":{"start":{"line":16,"column":2},"end":{"line":16,"column":3}},"loc":{"start":{"line":16,"column":16},"end":{"line":21,"column":3}},"line":16},"3":{"name":"(anonymous_3)","decl":{"start":{"line":23,"column":2},"end":{"line":23,"column":3}},"loc":{"start":{"line":23,"column":14},"end":{"line":29,"column":3}},"line":23},"4":{"name":"(anonymous_4)","decl":{"start":{"line":31,"column":2},"end":{"line":31,"column":3}},"loc":{"start":{"line":31,"column":16},"end":{"line":36,"column":3}},"line":31}},"branchMap":{},"s":{"0":176,"1":0,"2":0,"3":0,"4":0,"5":0},"f":{"0":176,"1":0,"2":0,"3":0,"4":0},"b":{},"_coverageSchema":"43e27e138ebf9cfc5966b082cf9a028302ed4184","hash":"100ff650e52b27f1412c5051d3fe7e2f38796bee"}
,"C:\\Users\\Evig\\Desktop\\1946779-pizza-1\\src\\frontend\\src\\plugins\\vuexPlugins.js": {"path":"C:\\Users\\Evig\\Desktop\\1946779-pizza-1\\src\\frontend\\src\\plugins\\vuexPlugins.js","statementMap":{"0":{"start":{"line":6,"column":2},"end":{"line":6,"column":26}},"1":{"start":{"line":7,"column":2},"end":{"line":7,"column":40}},"2":{"start":{"line":8,"column":2},"end":{"line":8,"column":48}}},"fnMap":{"0":{"name":"(anonymous_0)","decl":{"start":{"line":5,"column":15},"end":{"line":5,"column":16}},"loc":{"start":{"line":5,"column":31},"end":{"line":9,"column":1}},"line":5}},"branchMap":{},"s":{"0":176,"1":176,"2":176},"f":{"0":176},"b":{},"_coverageSchema":"43e27e138ebf9cfc5966b082cf9a028302ed4184","hash":"be69792a05eaf2cfa975054a6a96896464bd4436"}
,"C:\\Users\\Evig\\Desktop\\1946779-pizza-1\\src\\frontend\\src\\services\\api.service.js": {"path":"C:\\Users\\Evig\\Desktop\\1946779-pizza-1\\src\\frontend\\src\\services\\api.service.js","statementMap":{"0":{"start":{"line":8,"column":4},"end":{"line":10,"column":5}},"1":{"start":{"line":9,"column":6},"end":{"line":9,"column":33}},"2":{"start":{"line":20,"column":4},"end":{"line":20,"column":20}},"3":{"start":{"line":21,"column":4},"end":{"line":21,"column":30}},"4":{"start":{"line":26,"column":21},"end":{"line":26,"column":60}},"5":{"start":{"line":27,"column":4},"end":{"line":27,"column":16}},"6":{"start":{"line":32,"column":21},"end":{"line":32,"column":71}},"7":{"start":{"line":33,"column":4},"end":{"line":33,"column":16}},"8":{"start":{"line":41,"column":4},"end":{"line":41,"column":30}},"9":{"start":{"line":42,"column":4},"end":{"line":42,"column":30}},"10":{"start":{"line":47,"column":21},"end":{"line":47,"column":61}},"11":{"start":{"line":48,"column":4},"end":{"line":48,"column":16}},"12":{"start":{"line":53,"column":21},"end":{"line":56,"column":5}},"13":{"start":{"line":57,"column":4},"end":{"line":57,"column":16}},"14":{"start":{"line":62,"column":21},"end":{"line":62,"column":66}},"15":{"start":{"line":63,"column":4},"end":{"line":63,"column":16}},"16":{"start":{"line":72,"column":4},"end":{"line":72,"column":20}},"17":{"start":{"line":78,"column":18},"end":{"line":78,"column":39}},"18":{"start":{"line":80,"column":4},"end":{"line":82,"column":11}},"19":{"start":{"line":87,"column":21},"end":{"line":87,"column":54}},"20":{"start":{"line":88,"column":4},"end":{"line":88,"column":16}},"21":{"start":{"line":93,"column":21},"end":{"line":93,"column":49}},"22":{"start":{"line":94,"column":4},"end":{"line":94,"column":16}},"23":{"start":{"line":99,"column":21},"end":{"line":99,"column":46}},"24":{"start":{"line":100,"column":4},"end":{"line":100,"column":16}},"25":{"start":{"line":108,"column":4},"end":{"line":108,"column":35}},"26":{"start":{"line":113,"column":4},"end":{"line":117,"column":5}},"27":{"start":{"line":115,"column":49},"end":{"line":115,"column":67}},"28":{"start":{"line":122,"column":24},"end":{"line":122,"column":49}},"29":{"start":{"line":123,"column":4},"end":{"line":123,"column":71}},"30":{"start":{"line":123,"column":42},"end":{"line":123,"column":69}},"31":{"start":{"line":131,"column":4},"end":{"line":131,"column":30}},"32":{"start":{"line":136,"column":4},"end":{"line":140,"column":6}},"33":{"start":{"line":138,"column":45},"end":{"line":138,"column":66}},"34":{"start":{"line":139,"column":48},"end":{"line":139,"column":69}},"35":{"start":{"line":145,"column":19},"end":{"line":145,"column":44}},"36":{"start":{"line":146,"column":4},"end":{"line":146,"column":56}},"37":{"start":{"line":146,"column":32},"end":{"line":146,"column":54}},"38":{"start":{"line":153,"column":4},"end":{"line":153,"column":29}},"39":{"start":{"line":158,"column":4},"end":{"line":162,"column":6}},"40":{"start":{"line":160,"column":44},"end":{"line":160,"column":64}},"41":{"start":{"line":161,"column":47},"end":{"line":161,"column":67}},"42":{"start":{"line":167,"column":19},"end":{"line":167,"column":44}},"43":{"start":{"line":168,"column":4},"end":{"line":168,"column":56}},"44":{"start":{"line":168,"column":32},"end":{"line":168,"column":54}},"45":{"start":{"line":175,"column":4},"end":{"line":175,"column":29}},"46":{"start":{"line":180,"column":4},"end":{"line":184,"column":6}},"47":{"start":{"line":182,"column":44},"end":{"line":182,"column":70}},"48":{"start":{"line":183,"column":47},"end":{"line":183,"column":73}},"49":{"start":{"line":189,"column":18},"end":{"line":189,"column":43}},"50":{"start":{"line":190,"column":4},"end":{"line":190,"column":53}},"51":{"start":{"line":190,"column":30},"end":{"line":190,"column":51}},"52":{"start":{"line":197,"column":4},"end":{"line":197,"column":28}},"53":{"start":{"line":202,"column":4},"end":{"line":206,"column":6}},"54":{"start":{"line":204,"column":52},"end":{"line":204,"column":70}},"55":{"start":{"line":205,"column":45},"end":{"line":205,"column":63}},"56":{"start":{"line":211,"column":18},"end":{"line":211,"column":37}},"57":{"start":{"line":212,"column":4},"end":{"line":212,"column":53}},"58":{"start":{"line":212,"column":30},"end":{"line":212,"column":51}},"59":{"start":{"line":219,"column":4},"end":{"line":219,"column":30}},"60":{"start":{"line":224,"column":19},"end":{"line":224,"column":44}},"61":{"start":{"line":225,"column":4},"end":{"line":225,"column":18}},"62":{"start":{"line":231,"column":6},"end":{"line":231,"column":39}},"63":{"start":{"line":232,"column":4},"end":{"line":232,"column":30}},"64":{"start":{"line":240,"column":4},"end":{"line":240,"column":33}},"65":{"start":{"line":245,"column":22},"end":{"line":245,"column":47}},"66":{"start":{"line":246,"column":4},"end":{"line":246,"column":21}},"67":{"start":{"line":251,"column":4},"end":{"line":251,"column":56}},"68":{"start":{"line":252,"column":4},"end":{"line":252,"column":19}},"69":{"start":{"line":258,"column":6},"end":{"line":258,"column":44}},"70":{"start":{"line":259,"column":4},"end":{"line":259,"column":22}},"71":{"start":{"line":264,"column":21},"end":{"line":264,"column":58}},"72":{"start":{"line":265,"column":4},"end":{"line":265,"column":16}}},"fnMap":{"0":{"name":"(anonymous_0)","decl":{"start":{"line":7,"column":2},"end":{"line":7,"column":3}},"loc":{"start":{"line":7,"column":24},"end":{"line":11,"column":3}},"line":7},"1":{"name":"(anonymous_1)","decl":{"start":{"line":19,"column":2},"end":{"line":19,"column":3}},"loc":{"start":{"line":19,"column":34},"end":{"line":22,"column":3}},"line":19},"2":{"name":"(anonymous_2)","decl":{"start":{"line":25,"column":2},"end":{"line":25,"column":3}},"loc":{"start":{"line":25,"column":27},"end":{"line":28,"column":3}},"line":25},"3":{"name":"(anonymous_3)","decl":{"start":{"line":31,"column":2},"end":{"line":31,"column":3}},"loc":{"start":{"line":31,"column":29},"end":{"line":34,"column":3}},"line":31},"4":{"name":"(anonymous_4)","decl":{"start":{"line":40,"column":2},"end":{"line":40,"column":3}},"loc":{"start":{"line":40,"column":34},"end":{"line":43,"column":3}},"line":40},"5":{"name":"(anonymous_5)","decl":{"start":{"line":46,"column":2},"end":{"line":46,"column":3}},"loc":{"start":{"line":46,"column":21},"end":{"line":49,"column":3}},"line":46},"6":{"name":"(anonymous_6)","decl":{"start":{"line":52,"column":2},"end":{"line":52,"column":3}},"loc":{"start":{"line":52,"column":20},"end":{"line":58,"column":3}},"line":52},"7":{"name":"(anonymous_7)","decl":{"start":{"line":61,"column":2},"end":{"line":61,"column":3}},"loc":{"start":{"line":61,"column":19},"end":{"line":64,"column":3}},"line":61},"8":{"name":"(anonymous_8)","decl":{"start":{"line":70,"column":2},"end":{"line":70,"column":3}},"loc":{"start":{"line":70,"column":24},"end":{"line":73,"column":3}},"line":70},"9":{"name":"(anonymous_9)","decl":{"start":{"line":76,"column":2},"end":{"line":76,"column":3}},"loc":{"start":{"line":76,"column":18},"end":{"line":83,"column":3}},"line":76},"10":{"name":"(anonymous_10)","decl":{"start":{"line":85,"column":2},"end":{"line":85,"column":3}},"loc":{"start":{"line":85,"column":22},"end":{"line":89,"column":3}},"line":85},"11":{"name":"(anonymous_11)","decl":{"start":{"line":91,"column":2},"end":{"line":91,"column":3}},"loc":{"start":{"line":91,"column":17},"end":{"line":95,"column":3}},"line":91},"12":{"name":"(anonymous_12)","decl":{"start":{"line":97,"column":2},"end":{"line":97,"column":3}},"loc":{"start":{"line":97,"column":16},"end":{"line":101,"column":3}},"line":97},"13":{"name":"(anonymous_13)","decl":{"start":{"line":107,"column":2},"end":{"line":107,"column":3}},"loc":{"start":{"line":107,"column":24},"end":{"line":109,"column":3}},"line":107},"14":{"name":"(anonymous_14)","decl":{"start":{"line":112,"column":2},"end":{"line":112,"column":3}},"loc":{"start":{"line":112,"column":19},"end":{"line":118,"column":3}},"line":112},"15":{"name":"(anonymous_15)","decl":{"start":{"line":115,"column":35},"end":{"line":115,"column":36}},"loc":{"start":{"line":115,"column":49},"end":{"line":115,"column":67}},"line":115},"16":{"name":"(anonymous_16)","decl":{"start":{"line":121,"column":2},"end":{"line":121,"column":3}},"loc":{"start":{"line":121,"column":29},"end":{"line":124,"column":3}},"line":121},"17":{"name":"(anonymous_17)","decl":{"start":{"line":123,"column":28},"end":{"line":123,"column":29}},"loc":{"start":{"line":123,"column":42},"end":{"line":123,"column":69}},"line":123},"18":{"name":"(anonymous_18)","decl":{"start":{"line":130,"column":2},"end":{"line":130,"column":3}},"loc":{"start":{"line":130,"column":24},"end":{"line":132,"column":3}},"line":130},"19":{"name":"(anonymous_19)","decl":{"start":{"line":135,"column":2},"end":{"line":135,"column":3}},"loc":{"start":{"line":135,"column":21},"end":{"line":141,"column":3}},"line":135},"20":{"name":"(anonymous_20)","decl":{"start":{"line":138,"column":30},"end":{"line":138,"column":31}},"loc":{"start":{"line":138,"column":45},"end":{"line":138,"column":66}},"line":138},"21":{"name":"(anonymous_21)","decl":{"start":{"line":139,"column":33},"end":{"line":139,"column":34}},"loc":{"start":{"line":139,"column":48},"end":{"line":139,"column":69}},"line":139},"22":{"name":"(anonymous_22)","decl":{"start":{"line":144,"column":2},"end":{"line":144,"column":3}},"loc":{"start":{"line":144,"column":29},"end":{"line":147,"column":3}},"line":144},"23":{"name":"(anonymous_23)","decl":{"start":{"line":146,"column":23},"end":{"line":146,"column":24}},"loc":{"start":{"line":146,"column":32},"end":{"line":146,"column":54}},"line":146},"24":{"name":"(anonymous_24)","decl":{"start":{"line":152,"column":2},"end":{"line":152,"column":3}},"loc":{"start":{"line":152,"column":24},"end":{"line":154,"column":3}},"line":152},"25":{"name":"(anonymous_25)","decl":{"start":{"line":157,"column":2},"end":{"line":157,"column":3}},"loc":{"start":{"line":157,"column":20},"end":{"line":163,"column":3}},"line":157},"26":{"name":"(anonymous_26)","decl":{"start":{"line":160,"column":29},"end":{"line":160,"column":30}},"loc":{"start":{"line":160,"column":44},"end":{"line":160,"column":64}},"line":160},"27":{"name":"(anonymous_27)","decl":{"start":{"line":161,"column":32},"end":{"line":161,"column":33}},"loc":{"start":{"line":161,"column":47},"end":{"line":161,"column":67}},"line":161},"28":{"name":"(anonymous_28)","decl":{"start":{"line":166,"column":2},"end":{"line":166,"column":3}},"loc":{"start":{"line":166,"column":29},"end":{"line":169,"column":3}},"line":166},"29":{"name":"(anonymous_29)","decl":{"start":{"line":168,"column":23},"end":{"line":168,"column":24}},"loc":{"start":{"line":168,"column":32},"end":{"line":168,"column":54}},"line":168},"30":{"name":"(anonymous_30)","decl":{"start":{"line":174,"column":2},"end":{"line":174,"column":3}},"loc":{"start":{"line":174,"column":24},"end":{"line":176,"column":3}},"line":174},"31":{"name":"(anonymous_31)","decl":{"start":{"line":179,"column":2},"end":{"line":179,"column":3}},"loc":{"start":{"line":179,"column":20},"end":{"line":185,"column":3}},"line":179},"32":{"name":"(anonymous_32)","decl":{"start":{"line":182,"column":29},"end":{"line":182,"column":30}},"loc":{"start":{"line":182,"column":44},"end":{"line":182,"column":70}},"line":182},"33":{"name":"(anonymous_33)","decl":{"start":{"line":183,"column":32},"end":{"line":183,"column":33}},"loc":{"start":{"line":183,"column":47},"end":{"line":183,"column":73}},"line":183},"34":{"name":"(anonymous_34)","decl":{"start":{"line":188,"column":2},"end":{"line":188,"column":3}},"loc":{"start":{"line":188,"column":29},"end":{"line":191,"column":3}},"line":188},"35":{"name":"(anonymous_35)","decl":{"start":{"line":190,"column":22},"end":{"line":190,"column":23}},"loc":{"start":{"line":190,"column":30},"end":{"line":190,"column":51}},"line":190},"36":{"name":"(anonymous_36)","decl":{"start":{"line":196,"column":2},"end":{"line":196,"column":3}},"loc":{"start":{"line":196,"column":24},"end":{"line":198,"column":3}},"line":196},"37":{"name":"(anonymous_37)","decl":{"start":{"line":201,"column":2},"end":{"line":201,"column":3}},"loc":{"start":{"line":201,"column":19},"end":{"line":207,"column":3}},"line":201},"38":{"name":"(anonymous_38)","decl":{"start":{"line":204,"column":38},"end":{"line":204,"column":39}},"loc":{"start":{"line":204,"column":52},"end":{"line":204,"column":70}},"line":204},"39":{"name":"(anonymous_39)","decl":{"start":{"line":205,"column":31},"end":{"line":205,"column":32}},"loc":{"start":{"line":205,"column":45},"end":{"line":205,"column":63}},"line":205},"40":{"name":"(anonymous_40)","decl":{"start":{"line":210,"column":2},"end":{"line":210,"column":3}},"loc":{"start":{"line":210,"column":16},"end":{"line":213,"column":3}},"line":210},"41":{"name":"(anonymous_41)","decl":{"start":{"line":212,"column":22},"end":{"line":212,"column":23}},"loc":{"start":{"line":212,"column":30},"end":{"line":212,"column":51}},"line":212},"42":{"name":"(anonymous_42)","decl":{"start":{"line":218,"column":2},"end":{"line":218,"column":3}},"loc":{"start":{"line":218,"column":24},"end":{"line":220,"column":3}},"line":218},"43":{"name":"(anonymous_43)","decl":{"start":{"line":223,"column":2},"end":{"line":223,"column":3}},"loc":{"start":{"line":223,"column":27},"end":{"line":226,"column":3}},"line":223},"44":{"name":"(anonymous_44)","decl":{"start":{"line":229,"column":2},"end":{"line":229,"column":3}},"loc":{"start":{"line":229,"column":20},"end":{"line":233,"column":3}},"line":229},"45":{"name":"(anonymous_45)","decl":{"start":{"line":239,"column":2},"end":{"line":239,"column":3}},"loc":{"start":{"line":239,"column":24},"end":{"line":241,"column":3}},"line":239},"46":{"name":"(anonymous_46)","decl":{"start":{"line":244,"column":2},"end":{"line":244,"column":3}},"loc":{"start":{"line":244,"column":27},"end":{"line":247,"column":3}},"line":244},"47":{"name":"(anonymous_47)","decl":{"start":{"line":250,"column":2},"end":{"line":250,"column":3}},"loc":{"start":{"line":250,"column":21},"end":{"line":253,"column":3}},"line":250},"48":{"name":"(anonymous_48)","decl":{"start":{"line":256,"column":2},"end":{"line":256,"column":3}},"loc":{"start":{"line":256,"column":22},"end":{"line":260,"column":3}},"line":256},"49":{"name":"(anonymous_49)","decl":{"start":{"line":263,"column":2},"end":{"line":263,"column":3}},"loc":{"start":{"line":263,"column":19},"end":{"line":266,"column":3}},"line":263}},"branchMap":{"0":{"loc":{"start":{"line":8,"column":4},"end":{"line":10,"column":5}},"type":"if","locations":[{"start":{"line":8,"column":4},"end":{"line":10,"column":5}},{"start":{"line":8,"column":4},"end":{"line":10,"column":5}}],"line":8},"1":{"loc":{"start":{"line":25,"column":14},"end":{"line":25,"column":25}},"type":"default-arg","locations":[{"start":{"line":25,"column":23},"end":{"line":25,"column":25}}],"line":25},"2":{"loc":{"start":{"line":31,"column":16},"end":{"line":31,"column":27}},"type":"default-arg","locations":[{"start":{"line":31,"column":25},"end":{"line":31,"column":27}}],"line":31},"3":{"loc":{"start":{"line":80,"column":53},"end":{"line":82,"column":10}},"type":"cond-expr","locations":[{"start":{"line":81,"column":8},"end":{"line":81,"column":25}},{"start":{"line":82,"column":8},"end":{"line":82,"column":10}}],"line":80},"4":{"loc":{"start":{"line":121,"column":15},"end":{"line":121,"column":26}},"type":"default-arg","locations":[{"start":{"line":121,"column":24},"end":{"line":121,"column":26}}],"line":121},"5":{"loc":{"start":{"line":144,"column":15},"end":{"line":144,"column":26}},"type":"default-arg","locations":[{"start":{"line":144,"column":24},"end":{"line":144,"column":26}}],"line":144},"6":{"loc":{"start":{"line":166,"column":15},"end":{"line":166,"column":26}},"type":"default-arg","locations":[{"start":{"line":166,"column":24},"end":{"line":166,"column":26}}],"line":166},"7":{"loc":{"start":{"line":188,"column":15},"end":{"line":188,"column":26}},"type":"default-arg","locations":[{"start":{"line":188,"column":24},"end":{"line":188,"column":26}}],"line":188},"8":{"loc":{"start":{"line":223,"column":14},"end":{"line":223,"column":25}},"type":"default-arg","locations":[{"start":{"line":223,"column":23},"end":{"line":223,"column":25}}],"line":223},"9":{"loc":{"start":{"line":244,"column":14},"end":{"line":244,"column":25}},"type":"default-arg","locations":[{"start":{"line":244,"column":23},"end":{"line":244,"column":25}}],"line":244}},"s":{"0":1584,"1":26,"2":1408,"3":1408,"4":8,"5":0,"6":0,"7":0,"8":352,"9":352,"10":0,"11":0,"12":0,"13":0,"14":0,"15":0,"16":176,"17":1,"18":1,"19":0,"20":0,"21":0,"22":0,"23":1,"24":0,"25":176,"26":0,"27":0,"28":0,"29":0,"30":0,"31":176,"32":0,"33":0,"34":0,"35":0,"36":0,"37":0,"38":176,"39":0,"40":0,"41":0,"42":0,"43":0,"44":0,"45":176,"46":0,"47":0,"48":0,"49":0,"50":0,"51":0,"52":176,"53":0,"54":0,"55":0,"56":0,"57":0,"58":0,"59":176,"60":0,"61":0,"62":0,"63":0,"64":176,"65":8,"66":0,"67":0,"68":0,"69":0,"70":0,"71":0,"72":0},"f":{"0":1584,"1":1408,"2":8,"3":0,"4":352,"5":0,"6":0,"7":0,"8":176,"9":1,"10":0,"11":0,"12":1,"13":176,"14":0,"15":0,"16":0,"17":0,"18":176,"19":0,"20":0,"21":0,"22":0,"23":0,"24":176,"25":0,"26":0,"27":0,"28":0,"29":0,"30":176,"31":0,"32":0,"33":0,"34":0,"35":0,"36":176,"37":0,"38":0,"39":0,"40":0,"41":0,"42":176,"43":0,"44":0,"45":176,"46":8,"47":0,"48":0,"49":0},"b":{"0":[26,1558],"1":[0],"2":[0],"3":[0,1],"4":[0],"5":[0],"6":[0],"7":[0],"8":[0],"9":[8]},"_coverageSchema":"43e27e138ebf9cfc5966b082cf9a028302ed4184","hash":"247a1a4a260bb7523fa0133b2205760c430350f0"}
,"C:\\Users\\Evig\\Desktop\\1946779-pizza-1\\src\\frontend\\src\\services\\jwt.service.js": {"path":"C:\\Users\\Evig\\Desktop\\1946779-pizza-1\\src\\frontend\\src\\services\\jwt.service.js","statementMap":{"0":{"start":{"line":2,"column":21},"end":{"line":2,"column":28}},"1":{"start":{"line":5,"column":24},"end":{"line":7,"column":1}},"2":{"start":{"line":6,"column":2},"end":{"line":6,"column":51}},"3":{"start":{"line":10,"column":25},"end":{"line":12,"column":1}},"4":{"start":{"line":11,"column":2},"end":{"line":11,"column":51}},"5":{"start":{"line":14,"column":28},"end":{"line":16,"column":1}},"6":{"start":{"line":15,"column":2},"end":{"line":15,"column":47}}},"fnMap":{"0":{"name":"(anonymous_0)","decl":{"start":{"line":5,"column":24},"end":{"line":5,"column":25}},"loc":{"start":{"line":5,"column":30},"end":{"line":7,"column":1}},"line":5},"1":{"name":"(anonymous_1)","decl":{"start":{"line":10,"column":25},"end":{"line":10,"column":26}},"loc":{"start":{"line":10,"column":34},"end":{"line":12,"column":1}},"line":10},"2":{"name":"(anonymous_2)","decl":{"start":{"line":14,"column":28},"end":{"line":14,"column":29}},"loc":{"start":{"line":14,"column":34},"end":{"line":16,"column":1}},"line":14}},"branchMap":{},"s":{"0":26,"1":26,"2":1,"3":26,"4":0,"5":26,"6":0},"f":{"0":1,"1":0,"2":0},"b":{},"_coverageSchema":"43e27e138ebf9cfc5966b082cf9a028302ed4184","hash":"4a63ceb7d19af4e4479c852425c40d76f5380bfc"}
,"C:\\Users\\Evig\\Desktop\\1946779-pizza-1\\src\\frontend\\src\\store\\index.js": {"path":"C:\\Users\\Evig\\Desktop\\1946779-pizza-1\\src\\frontend\\src\\store\\index.js","statementMap":{"0":{"start":{"line":8,"column":0},"end":{"line":8,"column":14}},"1":{"start":{"line":10,"column":14},"end":{"line":12,"column":2}},"2":{"start":{"line":10,"column":21},"end":{"line":12,"column":1}},"3":{"start":{"line":15,"column":18},"end":{"line":24,"column":1}},"4":{"start":{"line":17,"column":4},"end":{"line":17,"column":65}},"5":{"start":{"line":20,"column":4},"end":{"line":22,"column":6}},"6":{"start":{"line":21,"column":22},"end":{"line":21,"column":44}},"7":{"start":{"line":26,"column":16},"end":{"line":42,"column":1}},"8":{"start":{"line":28,"column":4},"end":{"line":28,"column":30}},"9":{"start":{"line":29,"column":4},"end":{"line":29,"column":31}},"10":{"start":{"line":32,"column":31},"end":{"line":35,"column":5}},"11":{"start":{"line":36,"column":4},"end":{"line":36,"column":51}},"12":{"start":{"line":37,"column":4},"end":{"line":40,"column":6}},"13":{"start":{"line":38,"column":12},"end":{"line":38,"column":64}}},"fnMap":{"0":{"name":"(anonymous_0)","decl":{"start":{"line":10,"column":14},"end":{"line":10,"column":15}},"loc":{"start":{"line":10,"column":21},"end":{"line":12,"column":1}},"line":10},"1":{"name":"(anonymous_1)","decl":{"start":{"line":16,"column":20},"end":{"line":16,"column":21}},"loc":{"start":{"line":16,"column":45},"end":{"line":18,"column":3}},"line":16},"2":{"name":"(anonymous_2)","decl":{"start":{"line":19,"column":23},"end":{"line":19,"column":24}},"loc":{"start":{"line":19,"column":38},"end":{"line":23,"column":3}},"line":19},"3":{"name":"(anonymous_3)","decl":{"start":{"line":21,"column":6},"end":{"line":21,"column":7}},"loc":{"start":{"line":21,"column":22},"end":{"line":21,"column":44}},"line":21},"4":{"name":"(anonymous_4)","decl":{"start":{"line":27,"column":2},"end":{"line":27,"column":3}},"loc":{"start":{"line":27,"column":27},"end":{"line":30,"column":3}},"line":27},"5":{"name":"(anonymous_5)","decl":{"start":{"line":31,"column":2},"end":{"line":31,"column":3}},"loc":{"start":{"line":31,"column":60},"end":{"line":41,"column":3}},"line":31},"6":{"name":"(anonymous_6)","decl":{"start":{"line":38,"column":6},"end":{"line":38,"column":7}},"loc":{"start":{"line":38,"column":12},"end":{"line":38,"column":64}},"line":38}},"branchMap":{},"s":{"0":26,"1":26,"2":26,"3":26,"4":0,"5":0,"6":0,"7":26,"8":0,"9":0,"10":0,"11":0,"12":0,"13":0},"f":{"0":26,"1":0,"2":0,"3":0,"4":0,"5":0,"6":0},"b":{},"_coverageSchema":"43e27e138ebf9cfc5966b082cf9a028302ed4184","hash":"de110411f24728cd2a32fcfefc5993a9065092f5"}
,"C:\\Users\\Evig\\Desktop\\1946779-pizza-1\\src\\frontend\\src\\store\\mocks\\index.js": {"path":"C:\\Users\\Evig\\Desktop\\1946779-pizza-1\\src\\frontend\\src\\store\\mocks\\index.js","statementMap":{"0":{"start":{"line":10,"column":14},"end":{"line":13,"column":2}},"1":{"start":{"line":10,"column":21},"end":{"line":13,"column":1}},"2":{"start":{"line":15,"column":33},"end":{"line":29,"column":1}},"3":{"start":{"line":16,"column":22},"end":{"line":16,"column":40}},"4":{"start":{"line":17,"column":2},"end":{"line":21,"column":3}},"5":{"start":{"line":18,"column":4},"end":{"line":20,"column":7}},"6":{"start":{"line":19,"column":6},"end":{"line":19,"column":64}},"7":{"start":{"line":23,"column":2},"end":{"line":28,"column":5}}},"fnMap":{"0":{"name":"(anonymous_0)","decl":{"start":{"line":10,"column":14},"end":{"line":10,"column":15}},"loc":{"start":{"line":10,"column":21},"end":{"line":13,"column":1}},"line":10},"1":{"name":"(anonymous_1)","decl":{"start":{"line":15,"column":33},"end":{"line":15,"column":34}},"loc":{"start":{"line":15,"column":44},"end":{"line":29,"column":1}},"line":15},"2":{"name":"(anonymous_2)","decl":{"start":{"line":18,"column":36},"end":{"line":18,"column":37}},"loc":{"start":{"line":18,"column":59},"end":{"line":20,"column":5}},"line":18}},"branchMap":{"0":{"loc":{"start":{"line":17,"column":2},"end":{"line":21,"column":3}},"type":"if","locations":[{"start":{"line":17,"column":2},"end":{"line":21,"column":3}},{"start":{"line":17,"column":2},"end":{"line":21,"column":3}}],"line":17}},"s":{"0":25,"1":150,"2":25,"3":150,"4":150,"5":100,"6":105,"7":150},"f":{"0":150,"1":150,"2":105},"b":{"0":[100,50]},"_coverageSchema":"43e27e138ebf9cfc5966b082cf9a028302ed4184","hash":"d2aaf953ca09491bceaa467c93f60d32ff4df8ce"}
,"C:\\Users\\Evig\\Desktop\\1946779-pizza-1\\src\\frontend\\src\\store\\modules\\Auth.store.js": {"path":"C:\\Users\\Evig\\Desktop\\1946779-pizza-1\\src\\frontend\\src\\store\\modules\\Auth.store.js","statementMap":{"0":{"start":{"line":12,"column":31},"end":{"line":12,"column":73}},"1":{"start":{"line":12,"column":39},"end":{"line":12,"column":73}},"2":{"start":{"line":14,"column":30},"end":{"line":14,"column":55}},"3":{"start":{"line":18,"column":33},"end":{"line":18,"column":62}},"4":{"start":{"line":19,"column":32},"end":{"line":19,"column":49}},"5":{"start":{"line":20,"column":40},"end":{"line":20,"column":67}},"6":{"start":{"line":22,"column":6},"end":{"line":22,"column":106}},"7":{"start":{"line":22,"column":80},"end":{"line":22,"column":99}},"8":{"start":{"line":29,"column":19},"end":{"line":29,"column":58}},"9":{"start":{"line":31,"column":6},"end":{"line":31,"column":38}},"10":{"start":{"line":33,"column":6},"end":{"line":33,"column":37}},"11":{"start":{"line":35,"column":6},"end":{"line":35,"column":24}},"12":{"start":{"line":36,"column":6},"end":{"line":36,"column":31}},"13":{"start":{"line":40,"column":6},"end":{"line":42,"column":7}},"14":{"start":{"line":41,"column":8},"end":{"line":41,"column":38}},"15":{"start":{"line":43,"column":6},"end":{"line":43,"column":31}},"16":{"start":{"line":44,"column":6},"end":{"line":44,"column":37}},"17":{"start":{"line":45,"column":6},"end":{"line":45,"column":34}},"18":{"start":{"line":46,"column":6},"end":{"line":46,"column":33}},"19":{"start":{"line":51,"column":6},"end":{"line":59,"column":7}},"20":{"start":{"line":52,"column":21},"end":{"line":52,"column":49}},"21":{"start":{"line":53,"column":8},"end":{"line":53,"column":35}},"22":{"start":{"line":54,"column":8},"end":{"line":54,"column":35}},"23":{"start":{"line":58,"column":8},"end":{"line":58,"column":34}},"24":{"start":{"line":63,"column":19},"end":{"line":63,"column":50}},"25":{"start":{"line":64,"column":6},"end":{"line":64,"column":33}},"26":{"start":{"line":68,"column":26},"end":{"line":68,"column":44}},"27":{"start":{"line":69,"column":19},"end":{"line":69,"column":60}},"28":{"start":{"line":70,"column":6},"end":{"line":70,"column":18}},"29":{"start":{"line":74,"column":19},"end":{"line":74,"column":55}},"30":{"start":{"line":78,"column":19},"end":{"line":78,"column":60}},"31":{"start":{"line":79,"column":6},"end":{"line":79,"column":42}}},"fnMap":{"0":{"name":"(anonymous_0)","decl":{"start":{"line":12,"column":22},"end":{"line":12,"column":23}},"loc":{"start":{"line":12,"column":31},"end":{"line":12,"column":73}},"line":12},"1":{"name":"(anonymous_1)","decl":{"start":{"line":12,"column":31},"end":{"line":12,"column":32}},"loc":{"start":{"line":12,"column":39},"end":{"line":12,"column":73}},"line":12},"2":{"name":"(anonymous_2)","decl":{"start":{"line":14,"column":21},"end":{"line":14,"column":22}},"loc":{"start":{"line":14,"column":30},"end":{"line":14,"column":55}},"line":14},"3":{"name":"(anonymous_3)","decl":{"start":{"line":18,"column":14},"end":{"line":18,"column":15}},"loc":{"start":{"line":18,"column":33},"end":{"line":18,"column":62}},"line":18},"4":{"name":"(anonymous_4)","decl":{"start":{"line":19,"column":14},"end":{"line":19,"column":15}},"loc":{"start":{"line":19,"column":32},"end":{"line":19,"column":49}},"line":19},"5":{"name":"(anonymous_5)","decl":{"start":{"line":20,"column":17},"end":{"line":20,"column":18}},"loc":{"start":{"line":20,"column":40},"end":{"line":20,"column":67}},"line":20},"6":{"name":"(anonymous_6)","decl":{"start":{"line":21,"column":20},"end":{"line":21,"column":21}},"loc":{"start":{"line":21,"column":42},"end":{"line":23,"column":5}},"line":21},"7":{"name":"(anonymous_7)","decl":{"start":{"line":22,"column":74},"end":{"line":22,"column":75}},"loc":{"start":{"line":22,"column":80},"end":{"line":22,"column":99}},"line":22},"8":{"name":"(anonymous_8)","decl":{"start":{"line":28,"column":4},"end":{"line":28,"column":5}},"loc":{"start":{"line":28,"column":51},"end":{"line":37,"column":6}},"line":28},"9":{"name":"(anonymous_9)","decl":{"start":{"line":39,"column":4},"end":{"line":39,"column":5}},"loc":{"start":{"line":39,"column":49},"end":{"line":47,"column":5}},"line":39},"10":{"name":"(anonymous_10)","decl":{"start":{"line":50,"column":4},"end":{"line":50,"column":5}},"loc":{"start":{"line":50,"column":38},"end":{"line":60,"column":5}},"line":50},"11":{"name":"(anonymous_11)","decl":{"start":{"line":62,"column":4},"end":{"line":62,"column":5}},"loc":{"start":{"line":62,"column":35},"end":{"line":65,"column":5}},"line":62},"12":{"name":"(anonymous_12)","decl":{"start":{"line":67,"column":4},"end":{"line":67,"column":5}},"loc":{"start":{"line":67,"column":43},"end":{"line":71,"column":5}},"line":67},"13":{"name":"(anonymous_13)","decl":{"start":{"line":73,"column":4},"end":{"line":73,"column":5}},"loc":{"start":{"line":73,"column":42},"end":{"line":75,"column":5}},"line":73},"14":{"name":"(anonymous_14)","decl":{"start":{"line":77,"column":4},"end":{"line":77,"column":5}},"loc":{"start":{"l
[...]
:12,"column":38},"end":{"line":14,"column":5}},"line":12},"3":{"name":"(anonymous_3)","decl":{"start":{"line":13,"column":65},"end":{"line":13,"column":66}},"loc":{"start":{"line":13,"column":71},"end":{"line":13,"column":88}},"line":13},"4":{"name":"(anonymous_4)","decl":{"start":{"line":17,"column":4},"end":{"line":17,"column":5}},"loc":{"start":{"line":17,"column":36},"end":{"line":20,"column":5}},"line":17},"5":{"name":"(anonymous_5)","decl":{"start":{"line":22,"column":4},"end":{"line":22,"column":5}},"loc":{"start":{"line":22,"column":34},"end":{"line":26,"column":5}},"line":22},"6":{"name":"(anonymous_6)","decl":{"start":{"line":28,"column":4},"end":{"line":28,"column":5}},"loc":{"start":{"line":28,"column":43},"end":{"line":31,"column":5}},"line":28},"7":{"name":"(anonymous_7)","decl":{"start":{"line":33,"column":4},"end":{"line":33,"column":5}},"loc":{"start":{"line":33,"column":52},"end":{"line":85,"column":5}},"line":33},"8":{"name":"(anonymous_8)","decl":{"start":{"line":39,"column":39},"end":{"line":39,"column":40}},"loc":{"start":{"line":39,"column":53},"end":{"line":72,"column":7}},"line":39},"9":{"name":"(anonymous_9)","decl":{"start":{"line":41,"column":42},"end":{"line":41,"column":43}},"loc":{"start":{"line":41,"column":48},"end":{"line":41,"column":76}},"line":41},"10":{"name":"(anonymous_10)","decl":{"start":{"line":42,"column":55},"end":{"line":42,"column":56}},"loc":{"start":{"line":42,"column":69},"end":{"line":47,"column":13}},"line":42},"11":{"name":"(anonymous_11)","decl":{"start":{"line":43,"column":47},"end":{"line":43,"column":48}},"loc":{"start":{"line":43,"column":55},"end":{"line":43,"column":89}},"line":43},"12":{"name":"(anonymous_12)","decl":{"start":{"line":44,"column":66},"end":{"line":44,"column":67}},"loc":{"start":{"line":44,"column":74},"end":{"line":44,"column":108}},"line":44},"13":{"name":"(anonymous_13)","decl":{"start":{"line":48,"column":42},"end":{"line":48,"column":43}},"loc":{"start":{"line":48,"column":48},"end":{"line":48,"column":76}},"line":48},"14":{"name":"(anonymous_14)","decl":{"start":{"line":49,"column":40},"end":{"line":49,"column":41}},"loc":{"start":{"line":49,"column":46},"end":{"line":49,"column":73}},"line":49},"15":{"name":"(anonymous_15)","decl":{"start":{"line":50,"column":20},"end":{"line":50,"column":21}},"loc":{"start":{"line":50,"column":31},"end":{"line":58,"column":13}},"line":50},"16":{"name":"(anonymous_16)","decl":{"start":{"line":53,"column":35},"end":{"line":53,"column":36}},"loc":{"start":{"line":53,"column":49},"end":{"line":55,"column":15}},"line":53},"17":{"name":"(anonymous_17)","decl":{"start":{"line":78,"column":38},"end":{"line":78,"column":39}},"loc":{"start":{"line":78,"column":46},"end":{"line":83,"column":7}},"line":78},"18":{"name":"(anonymous_18)","decl":{"start":{"line":79,"column":37},"end":{"line":79,"column":38}},"loc":{"start":{"line":79,"column":43},"end":{"line":79,"column":64}},"line":79}},"branchMap":{"0":{"loc":{"start":{"line":43,"column":14},"end":{"line":46,"column":15}},"type":"if","locations":[{"start":{"line":43,"column":14},"end":{"line":46,"column":15}},{"start":{"line":43,"column":14},"end":{"line":46,"column":15}}],"line":43}},"s":{"0":0,"1":1,"2":0,"3":0,"4":0,"5":0,"6":0,"7":0,"8":0,"9":0,"10":0,"11":0,"12":0,"13":0,"14":0,"15":0,"16":0,"17":0,"18":0,"19":0,"20":0,"21":0,"22":0,"23":0,"24":0,"25":0,"26":0,"27":0,"28":0,"29":0,"30":0,"31":0,"32":0,"33":0,"34":0,"35":0,"36":0,"37":0,"38":0,"39":0,"40":0,"41":0,"42":0,"43":0,"44":0},"f":{"0":0,"1":1,"2":0,"3":0,"4":0,"5":0,"6":0,"7":0,"8":0,"9":0,"10":0,"11":0,"12":0,"13":0,"14":0,"15":0,"16":0,"17":0,"18":0},"b":{"0":[0,0]},"_coverageSchema":"43e27e138ebf9cfc5966b082cf9a028302ed4184","hash":"f8fc7bc6b973862a18e090f2afe8ebaa7b0030f9"}
,"C:\\Users\\Evig\\Desktop\\1946779-pizza-1\\src\\frontend\\src\\store\\modules\\index.js": {"path":"C:\\Users\\Evig\\Desktop\\1946779-pizza-1\\src\\frontend\\src\\store\\modules\\index.js","statementMap":{},"fnMap":{},"branchMap":{},"s":{},"f":{},"b":{},"_coverageSchema":"43e27e138ebf9cfc5966b082cf9a028302ed4184","hash":"68eb05c440e63694f1ab08336eb56637c686f966"}
,"C:\\Users\\Evig\\Desktop\\1946779-pizza-1\\src\\frontend\\src\\views\\Cart.vue": {"path":"C:\\Users\\Evig\\Desktop\\1946779-pizza-1\\src\\frontend\\src\\views\\Cart.vue","statementMap":{"0":{"start":{"line":325,"column":0},"end":{"line":325,"column":null}},"1":{"start":{"line":326,"column":0},"end":{"line":326,"column":null}},"2":{"start":{"line":328,"column":0},"end":{"line":328,"column":null}},"3":{"start":{"line":330,"column":0},"end":{"line":330,"column":null}},"4":{"start":{"line":331,"column":0},"end":{"line":331,"column":null}},"5":{"start":{"line":341,"column":0},"end":{"line":341,"column":null}},"6":{"start":{"line":359,"column":0},"end":{"line":363,"column":null}},"7":{"start":{"line":360,"column":0},"end":{"line":360,"column":null}},"8":{"start":{"line":362,"column":0},"end":{"line":362,"column":null}},"9":{"start":{"line":372,"column":0},"end":{"line":374,"column":null}},"10":{"start":{"line":373,"column":0},"end":{"line":373,"column":null}},"11":{"start":{"line":376,"column":0},"end":{"line":382,"column":null}},"12":{"start":{"line":377,"column":0},"end":{"line":377,"column":null}},"13":{"start":{"line":378,"column":0},"end":{"line":378,"column":null}},"14":{"start":{"line":379,"column":0},"end":{"line":379,"column":null}},"15":{"start":{"line":381,"column":0},"end":{"line":381,"column":null}},"16":{"start":{"line":384,"column":0},"end":{"line":384,"column":null}},"17":{"start":{"line":386,"column":0},"end":{"line":386,"column":null}},"18":{"start":{"line":387,"column":0},"end":{"line":387,"column":null}},"19":{"start":{"line":388,"column":0},"end":{"line":388,"column":null}},"20":{"start":{"line":389,"column":0},"end":{"line":389,"column":null}},"21":{"start":{"line":394,"column":0},"end":{"line":480,"column":null}},"22":{"start":{"line":396,"column":0},"end":{"line":443,"column":null}},"23":{"start":{"line":399,"column":0},"end":{"line":399,"column":null}},"24":{"start":{"line":407,"column":0},"end":{"line":407,"column":null}},"25":{"start":{"line":408,"column":0},"end":{"line":408,"column":null}},"26":{"start":{"line":409,"column":0},"end":{"line":443,"column":null}},"27":{"start":{"line":411,"column":0},"end":{"line":411,"column":null}},"28":{"start":{"line":419,"column":0},"end":{"line":419,"column":null}},"29":{"start":{"line":427,"column":0},"end":{"line":427,"column":null}},"30":{"start":{"line":428,"column":0},"end":{"line":428,"column":null}},"31":{"start":{"line":431,"column":0},"end":{"line":431,"column":null}},"32":{"start":{"line":433,"column":0},"end":{"line":433,"column":null}},"33":{"start":{"line":441,"column":0},"end":{"line":441,"column":null}},"34":{"start":{"line":442,"column":0},"end":{"line":442,"column":null}},"35":{"start":{"line":446,"column":0},"end":{"line":478,"column":null}},"36":{"start":{"line":448,"column":0},"end":{"line":448,"column":null}},"37":{"start":{"line":456,"column":0},"end":{"line":456,"column":null}},"38":{"start":{"line":457,"column":0},"end":{"line":457,"column":null}},"39":{"start":{"line":461,"column":0},"end":{"line":461,"column":null}},"40":{"start":{"line":468,"column":0},"end":{"line":468,"column":null}},"41":{"start":{"line":476,"column":0},"end":{"line":476,"column":null}},"42":{"start":{"line":477,"column":0},"end":{"line":477,"column":null}},"43":{"start":{"line":484,"column":0},"end":{"line":487,"column":null}},"44":{"start":{"line":485,"column":0},"end":{"line":485,"column":null}},"45":{"start":{"line":486,"column":0},"end":{"line":486,"column":null}}},"fnMap":{"0":{"name":"(anonymous_1)","decl":{"start":{"line":340,"column":0},"end":{"line":340,"column":null}},"loc":{"start":{"line":340,"column":0},"end":{"line":351,"column":null}}},"1":{"name":"(anonymous_2)","decl":{"start":{"line":358,"column":0},"end":{"line":358,"column":null}},"loc":{"start":{"line":358,"column":0},"end":{"line":364,"column":null}}},"2":{"name":"(anonymous_3)","decl":{"start":{"line":371,"column":0},"end":{"line":371,"column":null}},"loc":{"start":{"line":371,"column":0},"end":{"line":390,"column":null}}},"3":{"name":"(anonymous_4)","decl":{"start":{"line":384,"column":0},"end":{"line":384,"column":null}},"loc":{"start":{"line":384,"column":0},"end":{"line":384,"column":null}}},"4":{"name":"(anonymous_5)","decl":{"start":{"line":392,"column":0},"end":{"line":392,"column":null}},"loc":{"start":{"line":392,"column":0},"end":{"line":481,"column":null}}},"5":{"name":"(anonymous_6)","decl":{"start":{"line":483,"column":0},"end":{"line":483,"column":null}},"loc":{"start":{"line":483,"column":0},"end":{"line":488,"column":null}}}},"branchMap":{"0":{"loc":{"start":{"line":359,"column":0},"end":{"line":363,"column":null}},"type":"if","locations":[{"start":{"line":359,"column":0},"end":{"line":363,"column":null}},{"start":{"line":359,"column":0},"end":{"line":363,"column":null}}]},"1":{"loc":{"start":{"line":372,"column":0},"end":{"line":374,"column":null}},"type":"if","locations":[{"start":{"line":372,"column":0},"end":{"line":374,"column":null}},{"start":{"line":372,"column":0},"end":{"line":374,"column":null}}]},"2":{"loc":{"start":{"line":376,"column":0},"end":{"line":382,"column":null}},"type":"if","locations":[{"start":{"line":376,"column":0},"end":{"line":382,"column":null}},{"start":{"line":376,"column":0},"end":{"line":382,"column":null}}]},"3":{"loc":{"start":{"line":394,"column":0},"end":{"line":480,"column":null}},"type":"if","locations":[{"start":{"line":394,"column":0},"end":{"line":480,"column":null}},{"start":{"line":394,"column":0},"end":{"line":480,"column":null}}]},"4":{"loc":{"start":{"line":396,"column":0},"end":{"line":443,"column":null}},"type":"if","locations":[{"start":{"line":396,"column":0},"end":{"line":443,"column":null}},{"start":{"line":396,"column":0},"end":{"line":443,"column":null}}]},"5":{"loc":{"start":{"line":409,"column":0},"end":{"line":443,"column":null}},"type":"if","locations":[{"start":{"line":409,"column":0},"end":{"line":443,"column":null}},{"start":{"line":409,"column":0},"end":{"line":443,"column":null}}]},"6":{"loc":{"start":{"line":446,"column":0},"end":{"line":478,"column":null}},"type":"if","locations":[{"start":{"line":446,"column":0},"end":{"line":478,"column":null}},{"start":{"line":446,"column":0},"end":{"line":478,"column":null}}]},"7":{"loc":{"start":{"line":484,"column":0},"end":{"line":487,"column":null}},"type":"if","locations":[{"start":{"line":484,"column":0},"end":{"line":487,"column":null}},{"start":{"line":484,"column":0},"end":{"line":487,"column":null}}]}},"s":{"0":1,"1":1,"2":1,"3":1,"4":1,"5":29,"6":35,"7":29,"8":6,"9":3,"10":1,"11":2,"12":1,"13":1,"14":1,"15":1,"16":2,"17":1,"18":1,"19":1,"20":1,"21":6,"22":3,"23":1,"24":1,"25":1,"26":2,"27":1,"28":1,"29":1,"30":1,"31":1,"32":1,"33":1,"34":1,"35":3,"36":1,"37":1,"38":1,"39":2,"40":2,"41":2,"42":2,"43":29,"44":8,"45":8},"f":{"0":29,"1":35,"2":3,"3":1,"4":6,"5":29},"b":{"0":[29,6],"1":[1,2],"2":[1,1],"3":[3,3],"4":[1,2],"5":[1,1],"6":[1,2],"7":[8,21]}}
,"C:\\Users\\Evig\\Desktop\\1946779-pizza-1\\src\\frontend\\src\\views\\Index.vue": {"path":"C:\\Users\\Evig\\Desktop\\1946779-pizza-1\\src\\frontend\\src\\views\\Index.vue","statementMap":{"0":{"start":{"line":88,"column":0},"end":{"line":88,"column":null}},"1":{"start":{"line":89,"column":0},"end":{"line":89,"column":null}},"2":{"start":{"line":90,"column":0},"end":{"line":90,"column":null}},"3":{"start":{"line":91,"column":0},"end":{"line":91,"column":null}},"4":{"start":{"line":93,"column":0},"end":{"line":93,"column":null}},"5":{"start":{"line":121,"column":0},"end":{"line":121,"column":null}},"6":{"start":{"line":125,"column":0},"end":{"line":125,"column":null}},"7":{"start":{"line":126,"column":0},"end":{"line":126,"column":null}},"8":{"start":{"line":127,"column":0},"end":{"line":127,"column":null}},"9":{"start":{"line":128,"column":0},"end":{"line":128,"column":null}},"10":{"start":{"line":129,"column":0},"end":{"line":129,"column":null}}},"fnMap":{"0":{"name":"(anonymous_1)","decl":{"start":{"line":120,"column":0},"end":{"line":120,"column":null}},"loc":{"start":{"line":120,"column":0},"end":{"line":122,"column":null}}},"1":{"name":"(anonymous_2)","decl":{"start":{"line":124,"column":0},"end":{"line":124,"column":null}},"loc":{"start":{"line":124,"column":0},"end":{"line":130,"column":null}}}},"branchMap":{},"s":{"0":1,"1":1,"2":1,"3":1,"4":1,"5":1,"6":1,"7":1,"8":1,"9":1,"10":1},"f":{"0":1,"1":1},"b":{}}
,"C:\\Users\\Evig\\Desktop\\1946779-pizza-1\\src\\frontend\\src\\views\\Login.vue": {"path":"C:\\Users\\Evig\\Desktop\\1946779-pizza-1\\src\\frontend\\src\\views\\Login.vue","statementMap":{"0":{"start":{"line":63,"column":0},"end":{"line":63,"column":null}},"1":{"start":{"line":68,"column":0},"end":{"line":68,"column":null}},"2":{"start":{"line":84,"column":0},"end":{"line":84,"column":null}},"3":{"start":{"line":87,"column":0},"end":{"line":87,"column":null}},"4":{"start":{"line":92,"column":0},"end":{"line":97,"column":null}},"5":{"start":{"line":96,"column":0},"end":{"line":96,"column":null}},"6":{"start":{"line":99,"column":0},"end":{"line":99,"column":null}},"7":{"start":{"line":104,"column":0},"end":{"line":104,"column":null}},"8":{"start":{"line":108,"column":0},"end":{"line":108,"column":null}}},"fnMap":{"0":{"name":"(anonymous_1)","decl":{"start":{"line":68,"column":0},"end":{"line":68,"column":null}},"loc":{"start":{"line":68,"column":0},"end":{"line":68,"column":null}}},"1":{"name":"(anonymous_2)","decl":{"start":{"line":83,"column":0},"end":{"line":83,"column":null}},"loc":{"start":{"line":83,"column":0},"end":{"line":85,"column":null}}},"2":{"name":"(anonymous_3)","decl":{"start":{"line":86,"column":0},"end":{"line":86,"column":null}},"loc":{"start":{"line":86,"column":0},"end":{"line":88,"column":null}}},"3":{"name":"(anonymous_4)","decl":{"start":{"line":91,"column":0},"end":{"line":91,"column":null}},"loc":{"start":{"line":91,"column":0},"end":{"line":105,"column":null}}},"4":{"name":"(anonymous_5)","decl":{"start":{"line":107,"column":0},"end":{"line":107,"column":null}},"loc":{"start":{"line":107,"column":0},"end":{"line":109,"column":null}}}},"branchMap":{"0":{"loc":{"start":{"line":92,"column":0},"end":{"line":97,"column":null}},"type":"if","locations":[{"start":{"line":92,"column":0},"end":{"line":97,"column":null}},{"start":{"line":92,"column":0},"end":{"line":97,"column":null}}]}},"s":{"0":1,"1":3,"2":1,"3":1,"4":2,"5":1,"6":1,"7":1,"8":3},"f":{"0":3,"1":1,"2":1,"3":2,"4":3},"b":{"0":[1,1]}}
,"C:\\Users\\Evig\\Desktop\\1946779-pizza-1\\src\\frontend\\src\\views\\Orders.vue": {"path":"C:\\Users\\Evig\\Desktop\\1946779-pizza-1\\src\\frontend\\src\\views\\Orders.vue","statementMap":{"0":{"start":{"line":17,"column":0},"end":{"line":17,"column":null}},"1":{"start":{"line":18,"column":0},"end":{"line":18,"column":null}},"2":{"start":{"line":26,"column":0},"end":{"line":26,"column":null}}},"fnMap":{"0":{"name":"(anonymous_1)","decl":{"start":{"line":25,"column":0},"end":{"line":25,"column":null}},"loc":{"start":{"line":25,"column":0},"end":{"line":27,"column":null}}}},"branchMap":{},"s":{"0":1,"1":1,"2":2},"f":{"0":2},"b":{}}
,"C:\\Users\\Evig\\Desktop\\1946779-pizza-1\\src\\frontend\\src\\views\\Popup.vue": {"path":"C:\\Users\\Evig\\Desktop\\1946779-pizza-1\\src\\frontend\\src\\views\\Popup.vue","statementMap":{"0":{"start":{"line":31,"column":0},"end":{"line":31,"column":null}},"1":{"start":{"line":54,"column":0},"end":{"line":64,"column":null}},"2":{"start":{"line":55,"column":0},"end":{"line":55,"column":null}},"3":{"start":{"line":56,"column":0},"end":{"line":56,"column":null}},"4":{"start":{"line":57,"column":0},"end":{"line":57,"column":null}},"5":{"start":{"line":58,"column":0},"end":{"line":58,"column":null}},"6":{"start":{"line":60,"column":0},"end":{"line":60,"column":null}},"7":{"start":{"line":61,"column":0},"end":{"line":61,"column":null}},"8":{"start":{"line":62,"column":0},"end":{"line":62,"column":null}},"9":{"start":{"line":63,"column":0},"end":{"line":63,"column":null}}},"fnMap":{"0":{"name":"(anonymous_1)","decl":{"start":{"line":53,"column":0},"end":{"line":53,"column":null}},"loc":{"start":{"line":53,"column":0},"end":{"line":65,"column":null}}}},"branchMap":{"0":{"loc":{"start":{"line":54,"column":0},"end":{"line":64,"column":null}},"type":"if","locations":[{"start":{"line":54,"column":0},"end":{"line":64,"column":null}},{"start":{"line":54,"column":0},"end":{"line":64,"column":null}}]}},"s":{"0":2,"1":6,"2":1,"3":1,"4":1,"5":1,"6":5,"7":5,"8":5,"9":5},"f":{"0":6},"b":{"0":[1,5]}}
,"C:\\Users\\Evig\\Desktop\\1946779-pizza-1\\src\\frontend\\src\\views\\Profile.vue": {"path":"C:\\Users\\Evig\\Desktop\\1946779-pizza-1\\src\\frontend\\src\\views\\Profile.vue","statementMap":{"0":{"start":{"line":78,"column":0},"end":{"line":78,"column":null}},"1":{"start":{"line":79,"column":0},"end":{"line":79,"column":null}},"2":{"start":{"line":81,"column":0},"end":{"line":81,"column":null}},"3":{"start":{"line":82,"column":0},"end":{"line":82,"column":null}},"4":{"start":{"line":86,"column":0},"end":{"line":86,"column":null}},"5":{"start":{"line":106,"column":0},"end":{"line":106,"column":null}},"6":{"start":{"line":110,"column":0},"end":{"line":110,"column":null}},"7":{"start":{"line":111,"column":0},"end":{"line":111,"column":null}},"8":{"start":{"line":115,"column":0},"end":{"line":120,"column":null}},"9":{"start":{"line":116,"column":0},"end":{"line":116,"column":null}},"10":{"start":{"line":117,"column":0},"end":{"line":117,"column":null}},"11":{"start":{"line":119,"column":0},"end":{"line":119,"column":null}},"12":{"start":{"line":124,"column":0},"end":{"line":128,"column":null}},"13":{"start":{"line":125,"column":0},"end":{"line":125,"column":null}},"14":{"start":{"line":126,"column":0},"end":{"line":128,"column":null}},"15":{"start":{"line":127,"column":0},"end":{"line":127,"column":null}},"16":{"start":{"line":133,"column":0},"end":{"line":133,"column":null}}},"fnMap":{"0":{"name":"(anonymous_1)","decl":{"start":{"line":86,"column":0},"end":{"line":86,"column":null}},"loc":{"start":{"line":86,"column":0},"end":{"line":86,"column":null}}},"1":{"name":"(anonymous_2)","decl":{"start":{"line":105,"column":0},"end":{"line":105,"column":null}},"loc":{"start":{"line":105,"column":0},"end":{"line":107,"column":null}}},"2":{"name":"(anonymous_3)","decl":{"start":{"line":109,"column":0},"end":{"line":109,"column":null}},"loc":{"start":{"line":109,"column":0},"end":{"line":112,"column":null}}},"3":{"name":"(anonymous_4)","decl":{"start":{"line":114,"column":0},"end":{"line":114,"column":null}},"loc":{"start":{"line":114,"column":0},"end":{"line":121,"column":null}}},"4":{"name":"(anonymous_5)","decl":{"start":{"line":123,"column":0},"end":{"line":123,"column":null}},"loc":{"start":{"line":123,"column":0},"end":{"line":129,"column":null}}},"5":{"name":"(anonymous_6)","decl":{"start":{"line":132,"column":0},"end":{"line":132,"column":null}},"loc":{"start":{"line":132,"column":0},"end":{"line":134,"column":null}}}},"branchMap":{"0":{"loc":{"start":{"line":115,"column":0},"end":{"line":120,"column":null}},"type":"if","locations":[{"start":{"line":115,"column":0},"end":{"line":120,"column":null}},{"start":{"line":115,"column":0},"end":{"line":120,"column":null}}]},"1":{"loc":{"start":{"line":124,"column":0},"end":{"line":128,"column":null}},"type":"if","locations":[{"start":{"line":124,"column":0},"end":{"line":128,"column":null}},{"start":{"line":124,"column":0},"end":{"line":128,"column":null}}]},"2":{"loc":{"start":{"line":126,"column":0},"end":{"line":128,"column":null}},"type":"if","locations":[{"start":{"line":126,"column":0},"end":{"line":128,"column":null}},{"start":{"line":126,"column":0},"end":{"line":128,"column":null}}]}},"s":{"0":1,"1":1,"2":1,"3":1,"4":18,"5":1,"6":1,"7":1,"8":3,"9":2,"10":2,"11":1,"12":3,"13":1,"14":2,"15":1,"16":18},"f":{"0":18,"1":1,"2":1,"3":3,"4":3,"5":18},"b":{"0":[2,1],"1":[1,2],"2":[1,1]}}
}
