TN:
SF:C:\Users\Evig\Desktop\1946779-pizza-1\src\frontend\src\assets\img\cola.svg
FNF:0
FNH:0
DA:1,2
LF:1
LH:1
BRF:0
BRH:0
end_of_record
TN:
SF:C:\Users\Evig\Desktop\1946779-pizza-1\src\frontend\src\assets\img\potato.svg
FNF:0
FNH:0
DA:1,1
LF:1
LH:1
BRF:0
BRH:0
end_of_record
TN:
SF:C:\Users\Evig\Desktop\1946779-pizza-1\src\frontend\src\assets\img\sauce.svg
FNF:0
FNH:0
DA:1,1
LF:1
LH:1
BRF:0
BRH:0
end_of_record
TN:
SF:C:\Users\Evig\Desktop\1946779-pizza-1\src\frontend\src\common\constants.js
FNF:0
FNH:0
DA:1,29
DA:16,29
DA:37,29
DA:52,29
DA:115,29
DA:133,29
DA:134,29
DA:135,29
DA:138,29
DA:139,29
LF:10
LH:10
BRF:0
BRH:0
end_of_record
TN:
SF:C:\Users\Evig\Desktop\1946779-pizza-1\src\frontend\src\common\helpers.js
FN:17,(anonymous_0)
FN:33,(anonymous_1)
FN:39,(anonymous_2)
FN:41,(anonymous_3)
FN:49,(anonymous_4)
FN:52,(anonymous_5)
FN:56,(anonymous_6)
FN:61,(anonymous_7)
FN:63,(anonymous_8)
FN:77,(anonymous_9)
FN:79,(anonymous_10)
FN:89,(anonymous_11)
FN:92,(anonymous_12)
FN:93,(anonymous_13)
FN:98,(anonymous_14)
FN:101,(anonymous_15)
FN:102,(anonymous_16)
FN:107,(anonymous_17)
FN:110,(anonymous_18)
FN:111,(anonymous_19)
FN:116,(anonymous_20)
FN:119,(anonymous_21)
FN:125,(anonymous_22)
FN:128,(anonymous_23)
FN:129,(anonymous_24)
FN:133,(anonymous_25)
FN:135,(anonymous_26)
FNF:27
FNH:27
FNDA:176,(anonymous_0)
FNDA:1,(anonymous_1)
FNDA:30,(anonymous_2)
FNDA:30,(anonymous_3)
FNDA:1,(anonymous_4)
FNDA:2,(anonymous_5)
FNDA:2,(anonymous_6)
FNDA:7,(anonymous_7)
FNDA:7,(anonymous_8)
FNDA:7,(anonymous_9)
FNDA:21,(anonymous_10)
FNDA:7,(anonymous_11)
FNDA:10,(anonymous_12)
FNDA:10,(anonymous_13)
FNDA:10,(anonymous_14)
FNDA:19,(anonymous_15)
FNDA:19,(anonymous_16)
FNDA:9,(anonymous_17)
FNDA:13,(anonymous_18)
FNDA:13,(anonymous_19)
FNDA:61,(anonymous_20)
FNDA:481,(anonymous_21)
FNDA:19,(anonymous_22)
FNDA:37,(anonymous_23)
FNDA:37,(anonymous_24)
FNDA:8,(anonymous_25)
FNDA:8,(anonymous_26)
DA:17,26
DA:18,176
DA:33,26
DA:34,1
DA:35,1
DA:39,26
DA:40,30
DA:41,30
DA:42,30
DA:43,30
DA:45,30
DA:49,26
DA:50,1
DA:51,1
DA:52,1
DA:53,2
DA:54,2
DA:56,1
DA:57,2
DA:61,26
DA:62,7
DA:63,7
DA:64,7
DA:74,7
DA:77,26
DA:78,7
DA:79,7
DA:80,21
DA:85,7
DA:89,26
DA:90,7
DA:92,10
DA:93,10
DA:98,26
DA:99,10
DA:101,19
DA:102,19
DA:107,26
DA:108,9
DA:110,13
DA:111,13
DA:116,26
DA:117,61
DA:119,481
DA:125,26
DA:126,19
DA:128,37
DA:129,37
DA:133,26
DA:134,8
DA:135,8
DA:136,8
DA:141,8
LF:53
LH:53
BRF:0
BRH:0
end_of_record
TN:
SF:C:\Users\Evig\Desktop\1946779-pizza-1\src\frontend\src\common\components\AppDrag.vue
FN:29,(anonymous_1)
FNF:1
FNH:1
FNDA:1,(anonymous_1)
DA:14,4
DA:30,1
DA:31,1
DA:32,1
LF:4
LH:4
BRF:0
BRH:0
end_of_record
TN:
SF:C:\Users\Evig\Desktop\1946779-pizza-1\src\frontend\src\common\components\AppDrop.vue
FN:18,(anonymous_1)
FNF:1
FNH:1
FNDA:1,(anonymous_1)
DA:13,3
DA:19,1
DA:20,1
DA:21,1
DA:23,1
LF:5
LH:5
BRDA:20,0,0,1
BRDA:20,0,1,0
BRF:2
BRH:1
end_of_record
TN:
SF:C:\Users\Evig\Desktop\1946779-pizza-1\src\frontend\src\common\components\AppInput.vue
FN:57,(anonymous_1)
FNF:1
FNH:1
FNDA:17,(anonymous_1)
DA:58,17
LF:1
LH:1
BRF:0
BRH:0
end_of_record
TN:
SF:C:\Users\Evig\Desktop\1946779-pizza-1\src\frontend\src\common\enums\notificationTypes.js
FNF:0
FNH:0
LF:0
LH:0
BRF:0
BRH:0
end_of_record
TN:
SF:C:\Users\Evig\Desktop\1946779-pizza-1\src\frontend\src\common\enums\resources.js
FNF:0
FNH:0
LF:0
LH:0
BRF:0
BRH:0
end_of_record
TN:
SF:C:\Users\Evig\Desktop\1946779-pizza-1\src\frontend\src\common\mixins\index.js
FNF:0
FNH:0
LF:0
LH:0
BRF:0
BRH:0
end_of_record
TN:
SF:C:\Users\Evig\Desktop\1946779-pizza-1\src\frontend\src\common\mixins\logout.js
FN:3,(anonymous_0)
FNF:1
FNH:1
FNDA:1,(anonymous_0)
DA:5,1
DA:7,1
DA:9,1
LF:3
LH:3
BRF:0
BRH:0
end_of_record
TN:
SF:C:\Users\Evig\Desktop\1946779-pizza-1\src\frontend\src\common\mixins\validator.js
FN:5,(anonymous_0)
FN:9,(anonymous_1)
FN:13,(anonymous_2)
FN:19,(anonymous_3)
FN:30,(anonymous_4)
FN:32,(anonymous_5)
FN:46,(anonymous_6)
FN:48,(anonymous_7)
FN:59,(anonymous_8)
FN:63,(anonymous_9)
FNF:10
FNH:8
FNDA:0,(anonymous_0)
FNDA:4,(anonymous_1)
FNDA:2,(anonymous_2)
FNDA:0,(anonymous_3)
FNDA:4,(anonymous_4)
FNDA:6,(anonymous_5)
FNDA:2,(anonymous_6)
FNDA:4,(anonymous_7)
FNDA:2,(anonymous_8)
FNDA:4,(anonymous_9)
DA:3,4
DA:5,0
DA:9,4
DA:13,2
DA:19,0
DA:30,4
DA:31,4
DA:32,4
DA:33,6
DA:34,0
DA:36,6
DA:37,6
DA:38,2
DA:41,4
DA:47,2
DA:48,2
DA:49,4
DA:53,4
DA:54,2
DA:57,2
DA:60,2
DA:61,0
DA:63,2
DA:64,4
LF:24
LH:20
BRDA:13,0,0,1
BRDA:13,0,1,1
BRDA:19,1,0,0
BRDA:19,1,1,0
BRDA:33,2,0,0
BRDA:33,2,1,6
BRDA:37,3,0,2
BRDA:37,3,1,4
BRDA:53,4,0,2
BRDA:53,4,1,2
BRDA:60,5,0,0
BRDA:60,5,1,2
BRF:12
BRH:8
end_of_record
TN:
SF:C:\Users\Evig\Desktop\1946779-pizza-1\src\frontend\src\layouts\AppLayout.vue
FN:31,(anonymous_1)
FN:39,(anonymous_2)
FN:41,(anonymous_3)
FNF:3
FNH:2
FNDA:0,(anonymous_1)
FNDA:1,(anonymous_2)
FNDA:2,(anonymous_3)
DA:16,1
DA:40,1
DA:41,3
LF:3
LH:3
BRDA:40,0,0,1
BRDA:40,0,1,1
BRF:2
BRH:2
end_of_record
TN:
SF:C:\Users\Evig\Desktop\1946779-pizza-1\src\frontend\src\layouts\AppLayoutHeader.vue
FN:96,(anonymous_1)
FNF:1
FNH:0
FNDA:0,(anonymous_1)
DA:87,3
DA:88,3
LF:2
LH:2
BRF:0
BRH:0
end_of_record
TN:
SF:C:\Users\Evig\Desktop\1946779-pizza-1\src\frontend\src\layouts\AppLayoutMain.vue
FN:29,(anonymous_1)
FNF:1
FNH:0
FNDA:0,(anonymous_1)
DA:14,1
LF:1
LH:1
BRF:0
BRH:0
end_of_record
TN:
SF:C:\Users\Evig\Desktop\1946779-pizza-1\src\frontend\src\layouts\AppLayoutProfile.vue
FN:39,(anonymous_1)
FN:42,(anonymous_2)
FNF:2
FNH:1
FNDA:0,(anonymous_1)
FNDA:3,(anonymous_2)
DA:19,1
DA:20,1
DA:43,3
LF:3
LH:3
BRF:0
BRH:0
end_of_record
TN:
SF:C:\Users\Evig\Desktop\1946779-pizza-1\src\frontend\src\modules\builder\BuilderDoughSelector.vue
FN:38,(anonymous_1)
FN:42,(anonymous_2)
FNF:2
FNH:2
FNDA:2,(anonymous_1)
FNDA:8,(anonymous_2)
DA:23,2
DA:39,2
DA:43,8
DA:44,7
LF:4
LH:4
BRDA:43,0,0,7
BRDA:43,0,1,1
BRF:2
BRH:2
end_of_record
TN:
SF:C:\Users\Evig\Desktop\1946779-pizza-1\src\frontend\src\modules\builder\BuilderIngredient.vue
FN:46,(anonymous_1)
FN:51,(anonymous_2)
FNF:2
FNH:2
FNDA:1,(anonymous_1)
FNDA:19,(anonymous_2)
DA:26,3
DA:27,3
DA:29,3
DA:47,1
DA:48,1
DA:52,19
LF:6
LH:6
BRF:0
BRH:0
end_of_record
TN:
SF:C:\Users\Evig\Desktop\1946779-pizza-1\src\frontend\src\modules\builder\BuilderIngredientsSelector.vue
FNF:0
FNH:0
DA:33,2
DA:34,2
DA:36,2
LF:3
LH:3
BRF:0
BRH:0
end_of_record
TN:
SF:C:\Users\Evig\Desktop\1946779-pizza-1\src\frontend\src\modules\builder\BuilderPizzaView.vue
FN:54,(anonymous_1)
FN:65,(anonymous_2)
FN:72,(anonymous_3)
FN:76,(anonymous_4)
FN:80,(anonymous_5)
FN:82,(anonymous_6)
FN:94,(anonymous_7)
FNF:7
FNH:7
FNDA:16,(anonymous_1)
FNDA:9,(anonymous_2)
FNDA:17,(anonymous_3)
FNDA:17,(anonymous_4)
FNDA:17,(anonymous_5)
FNDA:9,(anonymous_6)
FNDA:16,(anonymous_7)
DA:46,2
DA:47,2
DA:55,16
DA:66,9
DA:73,17
DA:77,17
DA:81,17
DA:82,17
DA:83,9
DA:84,16
DA:85,16
DA:86,16
DA:87,16
DA:91,17
DA:95,16
LF:15
LH:15
BRF:0
BRH:0
end_of_record
TN:
SF:C:\Users\Evig\Desktop\1946779-pizza-1\src\frontend\src\modules\builder\BuilderSauceSelector.vue
FN:34,(anonymous_1)
FN:38,(anonymous_2)
FNF:2
FNH:2
FNDA:1,(anonymous_1)
FNDA:8,(anonymous_2)
DA:18,3
DA:35,1
DA:39,8
DA:40,1
LF:4
LH:4
BRDA:39,0,0,1
BRDA:39,0,1,7
BRF:2
BRH:2
end_of_record
TN:
SF:C:\Users\Evig\Desktop\1946779-pizza-1\src\frontend\src\modules\builder\BuilderSizeSelector.vue
FN:37,(anonymous_1)
FN:41,(anonymous_2)
FNF:2
FNH:2
FNDA:2,(anonymous_1)
FNDA:9,(anonymous_2)
DA:22,2
DA:38,2
DA:42,9
DA:43,7
LF:4
LH:4
BRDA:42,0,0,7
BRDA:42,0,1,2
BRF:2
BRH:2
end_of_record
TN:
SF:C:\Users\Evig\Desktop\1946779-pizza-1\src\frontend\src\modules\cart\CartAdditionalItem.vue
FN:47,(anonymous_1)
FNF:1
FNH:1
FNDA:1,(anonymous_1)
DA:30,2
DA:31,2
DA:48,1
LF:3
LH:3
BRF:0
BRH:0
end_of_record
TN:
SF:C:\Users\Evig\Desktop\1946779-pizza-1\src\frontend\src\modules\cart\CartPizzaItem.vue
FN:71,(anonymous_1)
FN:72,(anonymous_2)
FN:74,(anonymous_3)
FN:75,(anonymous_4)
FN:77,(anonymous_5)
FN:78,(anonymous_6)
FN:80,(anonymous_7)
FN:88,(anonymous_8)
FN:91,(anonymous_9)
FNF:9
FNH:9
FNDA:29,(anonymous_1)
FNDA:29,(anonymous_2)
FNDA:29,(anonymous_3)
FNDA:29,(anonymous_4)
FNDA:29,(anonymous_5)
FNDA:58,(anonymous_6)
FNDA:29,(anonymous_7)
FNDA:1,(anonymous_8)
FNDA:1,(anonymous_9)
DA:54,2
DA:55,2
DA:56,2
DA:57,2
DA:72,58
DA:75,58
DA:78,87
DA:81,29
DA:89,1
DA:92,1
DA:93,1
DA:94,1
LF:12
LH:12
BRF:0
BRH:0
end_of_record
TN:
SF:C:\Users\Evig\Desktop\1946779-pizza-1\src\frontend\src\modules\order\OrderAdditionalItem.vue
FN:28,(anonymous_1)
FN:34,(anonymous_2)
FN:35,(anonymous_3)
FN:38,(anonymous_4)
FN:39,(anonymous_5)
FN:42,(anonymous_6)
FN:43,(anonymous_7)
FNF:7
FNH:6
FNDA:0,(anonymous_1)
FNDA:31,(anonymous_2)
FNDA:52,(anonymous_3)
FNDA:31,(anonymous_4)
FNDA:52,(anonymous_5)
FNDA:31,(anonymous_6)
FNDA:52,(anonymous_7)
DA:21,3
DA:35,83
DA:39,83
DA:43,83
LF:4
LH:4
BRF:0
BRH:0
end_of_record
TN:
SF:C:\Users\Evig\Desktop\1946779-pizza-1\src\frontend\src\modules\order\OrderMainUnit.vue
FN:109,(anonymous_1)
FN:113,(anonymous_2)
FN:123,(anonymous_3)
FN:126,(anonymous_4)
FN:129,(anonymous_5)
FN:130,(anonymous_6)
FN:135,(anonymous_7)
FN:136,(anonymous_9)
FN:144,(anonymous_10)
FN:145,(anonymous_11)
FNF:10
FNH:10
FNDA:1,(anonymous_1)
FNDA:1,(anonymous_2)
FNDA:9,(anonymous_3)
FNDA:9,(anonymous_4)
FNDA:9,(anonymous_5)
FNDA:32,(anonymous_6)
FNDA:32,(anonymous_7)
FNDA:8,(anonymous_9)
FNDA:27,(anonymous_10)
FNDA:48,(anonymous_11)
DA:90,2
DA:91,2
DA:92,2
DA:110,1
DA:114,1
DA:115,1
DA:124,9
DA:126,9
DA:127,9
DA:129,9
DA:130,41
DA:131,9
DA:132,9
DA:135,16
DA:136,16
DA:137,8
DA:139,9
DA:142,9
DA:144,9
DA:145,75
DA:148,9
LF:21
LH:21
BRF:0
BRH:0
end_of_record
TN:
SF:C:\Users\Evig\Desktop\1946779-pizza-1\src\frontend\src\modules\order\OrderPizzaItem.vue
FN:42,(anonymous_1)
FN:48,(anonymous_2)
FN:49,(anonymous_3)
FN:52,(anonymous_4)
FN:53,(anonymous_5)
FN:56,(anonymous_6)
FN:57,(anonymous_7)
FN:60,(anonymous_8)
FN:61,(anonymous_9)
FN:66,(anonymous_11)
FN:69,(anonymous_12)
FN:70,(anonymous_13)
FN:75,(anonymous_14)
FN:76,(anonymous_16)
FNF:14
FNH:13
FNDA:0,(anonymous_1)
FNDA:12,(anonymous_2)
FNDA:11,(anonymous_3)
FNDA:12,(anonymous_4)
FNDA:22,(anonymous_5)
FNDA:12,(anonymous_6)
FNDA:22,(anonymous_7)
FNDA:12,(anonymous_8)
FNDA:56,(anonymous_9)
FNDA:12,(anonymous_11)
FNDA:12,(anonymous_12)
FNDA:44,(anonymous_13)
FNDA:44,(anonymous_14)
FNDA:11,(anonymous_16)
DA:35,3
DA:49,23
DA:53,34
DA:57,34
DA:61,68
DA:63,12
DA:67,12
DA:69,12
DA:70,56
DA:71,12
DA:72,12
DA:75,22
DA:76,22
DA:77,11
LF:14
LH:14
BRF:0
BRH:0
end_of_record
TN:
SF:C:\Users\Evig\Desktop\1946779-pizza-1\src\frontend\src\modules\profile\ProfileFormAddress.vue
FN:114,(anonymous_1)
FN:130,(anonymous_2)
FNF:2
FNH:2
FNDA:18,(anonymous_1)
FNDA:3,(anonymous_2)
DA:99,2
DA:114,18
DA:131,3
DA:132,1
DA:141,1
DA:143,2
DA:146,3
DA:148,3
DA:149,3
DA:150,3
DA:151,3
DA:152,3
DA:154,3
LF:13
LH:13
BRDA:131,0,0,1
BRDA:131,0,1,2
BRF:2
BRH:2
end_of_record
TN:
SF:C:\Users\Evig\Desktop\1946779-pizza-1\src\frontend\src\plugins\axios.js
FN:10,(anonymous_0)
FN:10,(anonymous_1)
FNF:2
FNH:0
FNDA:0,(anonymous_0)
FNDA:0,(anonymous_1)
DA:5,26
DA:10,26
DA:11,0
DA:12,0
DA:15,0
LF:5
LH:2
BRDA:13,0,0,0
BRDA:13,0,1,0
BRF:2
BRH:0
end_of_record
TN:
SF:C:\Users\Evig\Desktop\1946779-pizza-1\src\frontend\src\plugins\notifier.js
FN:5,(anonymous_0)
FN:9,(anonymous_1)
FN:16,(anonymous_2)
FN:23,(anonymous_3)
FN:31,(anonymous_4)
FNF:5
FNH:1
FNDA:176,(anonymous_0)
FNDA:0,(anonymous_1)
FNDA:0,(anonymous_2)
FNDA:0,(anonymous_3)
FNDA:0,(anonymous_4)
DA:6,176
DA:10,0
DA:17,0
DA:24,0
DA:25,0
DA:32,0
LF:6
LH:1
BRF:0
BRH:0
end_of_record
TN:
SF:C:\Users\Evig\Desktop\1946779-pizza-1\src\frontend\src\plugins\vuexPlugins.js
FN:5,(anonymous_0)
FNF:1
FNH:1
FNDA:176,(anonymous_0)
DA:6,176
DA:7,176
DA:8,176
LF:3
LH:3
BRF:0
BRH:0
end_of_record
TN:
SF:C:\Users\Evig\Desktop\1946779-pizza-1\src\frontend\src\services\api.service.js
FN:7,(anonymous_0)
FN:19,(anonymous_1)
FN:25,(anonymous_2)
FN:31,(anonymous_3)
FN:40,(anonymous_4)
FN:46,(anonymous_5)
FN:52,(anonymous_6)
FN:61,(anonymous_7)
FN:70,(anonymous_8)
FN:76,(anonymous_9)
FN:85,(anonymous_10)
FN:91,(anonymous_11)
FN:97,(anonymous_12)
FN:107,(anonymous_13)
FN:112,(anonymous_14)
FN:115,(anonymous_15)
FN:121,(anonymous_16)
FN:123,(anonymous_17)
FN:130,(anonymous_18)
FN:135,(anonymous_19)
FN:138,(anonymous_20)
FN:139,(anonymous_21)
FN:144,(anonymous_22)
FN:146,(anonymous_23)
FN:152,(anonymous_24)
FN:157,(anonymous_25)
FN:160,(anonymous_26)
FN:161,(anonymous_27)
FN:166,(anonymous_28)
FN:168,(anonymous_29)
FN:174,(anonymous_30)
FN:179,(anonymous_31)
FN:182,(anonymous_32)
FN:183,(anonymous_33)
FN:188,(anonymous_34)
FN:190,(anonymous_35)
FN:196,(anonymous_36)
FN:201,(anonymous_37)
FN:204,(anonymous_38)
FN:205,(anonymous_39)
FN:210,(anonymous_40)
FN:212,(anonymous_41)
FN:218,(anonymous_42)
FN:223,(anonymous_43)
FN:229,(anonymous_44)
FN:239,(anonymous_45)
FN:244,(anonymous_46)
FN:250,(anonymous_47)
FN:256,(anonymous_48)
FN:263,(anonymous_49)
FNF:50
FNH:15
FNDA:1584,(anonymous_0)
FNDA:1408,(anonymous_1)
FNDA:8,(anonymous_2)
FNDA:0,(anonymous_3)
FNDA:352,(anonymous_4)
FNDA:0,(anonymous_5)
FNDA:0,(anonymous_6)
FNDA:0,(anonymous_7)
FNDA:176,(anonymous_8)
FNDA:1,(anonymous_9)
FNDA:0,(anonymous_10)
FNDA:0,(anonymous_11)
FNDA:1,(anonymous_12)
FNDA:176,(anonymous_13)
FNDA:0,(anonymous_14)
FNDA:0,(anonymous_15)
FNDA:0,(anonymous_16)
FNDA:0,(anonymous_17)
FNDA:176,(anonymous_18)
FNDA:0,(anonymous_19)
FNDA:0,(anonymous_20)
FNDA:0,(anonymous_21)
FNDA:0,(anonymous_22)
FNDA:0,(anonymous_23)
FNDA:176,(anonymous_24)
FNDA:0,(anonymous_25)
FNDA:0,(anonymous_26)
FNDA:0,(anonymous_27)
FNDA:0,(anonymous_28)
FNDA:0,(anonymous_29)
FNDA:176,(anonymous_30)
FNDA:0,(anonymous_31)
FNDA:0,(anonymous_32)
FNDA:0,(anonymous_33)
FNDA:0,(anonymous_34)
FNDA:0,(anonymous_35)
FNDA:176,(anonymous_36)
FNDA:0,(anonymous_37)
FNDA:0,(anonymous_38)
FNDA:0,(anonymous_39)
FNDA:0,(anonymous_40)
FNDA:0,(anonymous_41)
FNDA:176,(anonymous_42)
FNDA:0,(anonymous_43)
FNDA:0,(anonymous_44)
FNDA:176,(anonymous_45)
FNDA:8,(anonymous_46)
FNDA:0,(anonymous_47)
FNDA:0,(anonymous_48)
FNDA:0,(anonymous_49)
DA:8,1584
DA:9,26
DA:20,1408
DA:21,1408
DA:26,8
DA:27,0
DA:32,0
DA:33,0
DA:41,352
DA:42,352
DA:47,0
DA:48,0
DA:53,0
DA:57,0
DA:62,0
DA:63,0
DA:72,176
DA:78,1
DA:80,1
DA:87,0
DA:88,0
DA:93,0
DA:94,0
DA:99,1
DA:100,0
DA:108,176
DA:113,0
DA:115,0
DA:122,0
DA:123,0
DA:131,176
DA:136,0
DA:138,0
DA:139,0
DA:145,0
DA:146,0
DA:153,176
DA:158,0
DA:160,0
DA:161,0
DA:167,0
DA:168,0
DA:175,176
DA:180,0
DA:182,0
DA:183,0
DA:189,0
DA:190,0
DA:197,176
DA:202,0
DA:204,0
DA:205,0
DA:211,0
DA:212,0
DA:219,176
DA:224,0
DA:225,0
DA:231,0
DA:232,0
DA:240,176
DA:245,8
DA:246,0
DA:251,0
DA:252,0
DA:258,0
DA:259,0
DA:264,0
DA:265,0
LF:68
LH:19
BRDA:8,0,0,26
BRDA:8,0,1,1558
BRDA:25,1,0,0
BRDA:31,2,0,0
BRDA:80,3,0,0
BRDA:80,3,1,1
BRDA:121,4,0,0
BRDA:144,5,0,0
BRDA:166,6,0,0
BRDA:188,7,0,0
BRDA:223,8,0,0
BRDA:244,9,0,8
BRF:12
BRH:4
end_of_record
TN:
SF:C:\Users\Evig\Desktop\1946779-pizza-1\src\frontend\src\services\jwt.service.js
FN:5,(anonymous_0)
FN:10,(anonymous_1)
FN:14,(anonymous_2)
FNF:3
FNH:1
FNDA:1,(anonymous_0)
FNDA:0,(anonymous_1)
FNDA:0,(anonymous_2)
DA:2,26
DA:5,26
DA:6,1
DA:10,26
DA:11,0
DA:14,26
DA:15,0
LF:7
LH:5
BRF:0
BRH:0
end_of_record
TN:
SF:C:\Users\Evig\Desktop\1946779-pizza-1\src\frontend\src\store\index.js
FN:10,(anonymous_0)
FN:16,(anonymous_1)
FN:19,(anonymous_2)
FN:21,(anonymous_3)
FN:27,(anonymous_4)
FN:31,(anonymous_5)
FN:38,(anonymous_6)
FNF:7
FNH:1
FNDA:26,(anonymous_0)
FNDA:0,(anonymous_1)
FNDA:0,(anonymous_2)
FNDA:0,(anonymous_3)
FNDA:0,(anonymous_4)
FNDA:0,(anonymous_5)
FNDA:0,(anonymous_6)
DA:8,26
DA:10,26
DA:15,26
DA:17,0
DA:20,0
DA:21,0
DA:26,26
DA:28,0
DA:29,0
DA:32,0
DA:36,0
DA:37,0
DA:38,0
LF:13
LH:4
BRF:0
BRH:0
end_of_record
TN:
SF:C:\Users\Evig\Desktop\1946779-pizza-1\src\frontend\src\store\mocks\index.js
FN:10,(anonymous_0)
FN:15,(anonymous_1)
FN:18,(anonymous_2)
FNF:3
FNH:3
FNDA:150,(anonymous_0)
FNDA:150,(anonymous_1)
FNDA:105,(anonymous_2)
DA:10,150
DA:15,25
DA:16,150
DA:17,150
DA:18,100
DA:19,105
DA:23,150
LF:7
LH:7
BRDA:17,0,0,100
BRDA:17,0,1,50
BRF:2
BRH:2
end_of_record
TN:
SF:C:\Users\Evig\Desktop\1946779-pizza-1\src\frontend\src\store\modules\Auth.store.js
FN:12,(anonymous_0)
FN:12,(anonymous_1)
FN:14,(anonymous_2)
FN:18,(anonymous_3)
FN:19,(anonymous_4)
FN:20,(anonymous_5)
FN:21,(anonymous_6)
FN:22,(anonymous_7)
FN:28,(anonymous_8)
FN:39,(anonymous_9)
FN:50,(anonymous_10)
FN:62,(anonymous_11)
FN:67,(anonymous_12)
FN:73,(anonymous_13)
FN:77,(anonymous_14)
FNF:15
FNH:6
FNDA:0,(anonymous_0)
FNDA:0,(anonymous_1)
FNDA:51,(anonymous_2)
FNDA:41,(anonymous_3)
FNDA:41,(anonymous_4)
FNDA:28,(anonymous_5)
FNDA:0,(anonymous_6)
FNDA:0,(anonymous_7)
FNDA:0,(anonymous_8)
FNDA:0,(anonymous_9)
FNDA:1,(anonymous_10)
FNDA:8,(anonymous_11)
FNDA:0,(anonymous_12)
FNDA:0,(anonymous_13)
FNDA:0,(anonymous_14)
DA:12,0
DA:14,51
DA:18,41
DA:19,41
DA:20,28
DA:22,0
DA:29,0
DA:31,0
DA:33,0
DA:35,0
DA:36,0
DA:40,0
DA:41,0
DA:43,0
DA:44,0
DA:45,0
DA:46,0
DA:51,1
DA:52,1
DA:53,0
DA:54,0
DA:58,0
DA:63,8
DA:64,0
DA:68,0
DA:69,0
DA:70,0
DA:74,0
DA:78,0
DA:79,0
LF:30
LH:7
BRDA:12,0,0,0
BRDA:12,0,1,0
BRDA:14,1,0,14
BRDA:14,1,1,37
BRDA:39,2,0,0
BRDA:40,3,0,0
BRDA:40,3,1,0
BRF:7
BRH:2
end_of_record
TN:
SF:C:\Users\Evig\Desktop\1946779-pizza-1\src\frontend\src\store\modules\Builder.store.js
FN:3,(anonymous_0)
FN:26,(anonymous_1)
FN:27,(anonymous_2)
FN:28,(anonymous_3)
FN:29,(anonymous_4)
FN:31,(anonymous_5)
FN:33,(anonymous_6)
FN:34,(anonymous_7)
FN:35,(anonymous_8)
FN:36,(anonymous_9)
FN:39,(anonymous_10)
FN:40,(anonymous_11)
FN:41,(anonymous_12)
FN:42,(anonymous_13)
FN:45,(anonymous_14)
FN:46,(anonymous_15)
FN:47,(anonymous_16)
FN:48,(anonymous_17)
FN:51,(anonymous_18)
FN:53,(anonymous_19)
FN:54,(anonymous_20)
FN:55,(anonymous_21)
FN:59,(anonymous_22)
FN:61,(anonymous_23)
FN:63,(anonymous_24)
FN:64,(anonymous_25)
FN:66,(anonymous_26)
FN:70,(anonymous_27)
FN:73,(anonymous_28)
FN:76,(anonymous_29)
FN:84,(anonymous_30)
FN:86,(anonymous_31)
FN:90,(anonymous_32)
FN:94,(anonymous_33)
FN:98,(anonymous_34)
FN:104,(anonymous_35)
FN:107,(anonymous_36)
FN:110,(anonymous_37)
FN:116,(anonymous_38)
FN:117,(anonymous_39)
FN:125,(anonymous_40)
FN:128,(anonymous_41)
FN:132,(anonymous_42)
FN:138,(anonymous_43)
FN:142,(anonymous_44)
FN:143,(anonymous_45)
FN:151,(anonymous_46)
FNF:47
FNH:18
FNDA:33,(anonymous_0)
FNDA:13,(anonymous_1)
FNDA:13,(anonymous_2)
FNDA:12,(anonymous_3)
FNDA:12,(anonymous_4)
FNDA:9,(anonymous_5)
FNDA:2,(anonymous_6)
FNDA:0,(anonymous_7)
FNDA:0,(anonymous_8)
FNDA:0,(anonymous_9)
FNDA:9,(anonymous_10)
FNDA:0,(anonymous_11)
FNDA:0,(anonymous_12)
FNDA:0,(anonymous_13)
FNDA:9,(anonymous_14)
FNDA:0,(anonymous_15)
FNDA:0,(anonymous_16)
FNDA:0,(anonymous_17)
FNDA:0,(anonymous_18)
FNDA:0,(anonymous_19)
FNDA:0,(anonymous_20)
FNDA:0,(anonymous_21)
FNDA:1,(anonymous_22)
FNDA:1,(anonymous_23)
FNDA:1,(anonymous_24)
FNDA:1,(anonymous_25)
FNDA:7,(anonymous_26)
FNDA:9,(anonymous_27)
FNDA:11,(anonymous_28)
FNDA:2,(anonymous_29)
FNDA:0,(anonymous_30)
FNDA:0,(anonymous_31)
FNDA:0,(anonymous_32)
FNDA:0,(anonymous_33)
FNDA:0,(anonymous_34)
FNDA:0,(anonymous_35)
FNDA:1,(anonymous_36)
FNDA:0,(anonymous_37)
FNDA:0,(anonymous_38)
FNDA:0,(anonymous_39)
FNDA:0,(anonymous_40)
FNDA:0,(anonymous_41)
FNDA:0,(anonymous_42)
FNDA:0,(anonymous_43)
FNDA:0,(anonymous_44)
FNDA:0,(anonymous_45)
FNDA:0,(anonymous_46)
DA:3,33
DA:26,13
DA:27,13
DA:28,12
DA:29,12
DA:31,9
DA:33,2
DA:35,0
DA:36,0
DA:39,9
DA:41,0
DA:42,0
DA:45,9
DA:47,0
DA:48,0
DA:51,0
DA:54,0
DA:55,0
DA:59,1
DA:61,1
DA:64,1
DA:67,7
DA:70,9
DA:74,11
DA:76,11
DA:77,2
DA:80,11
DA:85,0
DA:87,0
DA:88,0
DA:91,0
DA:92,0
DA:95,0
DA:96,0
DA:99,0
DA:100,0
DA:104,0
DA:108,1
DA:110,1
DA:111,1
DA:113,1
DA:114,1
DA:116,0
DA:117,0
DA:118,0
DA:119,0
DA:121,0
DA:122,0
DA:126,0
DA:128,0
DA:129,0
DA:130,0
DA:132,0
DA:134,0
DA:136,0
DA:138,0
DA:139,0
DA:140,0
DA:142,0
DA:143,0
DA:145,0
DA:146,0
DA:148,0
DA:152,0
LF:64
LH:23
BRDA:110,0,0,1
BRDA:110,0,1,0
BRDA:116,1,0,0
BRDA:116,1,1,0
BRDA:128,2,0,0
BRDA:128,2,1,0
BRDA:138,3,0,0
BRDA:138,3,1,0
BRF:8
BRH:1
end_of_record
TN:
SF:C:\Users\Evig\Desktop\1946779-pizza-1\src\frontend\src\store\modules\Cart.store.js
FN:8,(anonymous_0)
FN:11,(anonymous_1)
FN:16,(anonymous_2)
FN:24,(anonymous_3)
FN:25,(anonymous_4)
FN:28,(anonymous_5)
FN:33,(anonymous_6)
FN:35,(anonymous_7)
FN:36,(anonymous_8)
FN:38,(anonymous_9)
FN:39,(anonymous_10)
FN:41,(anonymous_11)
FN:42,(anonymous_12)
FN:42,(anonymous_13)
FN:44,(anonymous_14)
FN:49,(anonymous_15)
FN:54,(anonymous_16)
FN:56,(anonymous_17)
FN:65,(anonymous_18)
FNF:19
FNH:6
FNDA:31,(anonymous_0)
FNDA:26,(anonymous_1)
FNDA:84,(anonymous_2)
FNDA:30,(anonymous_3)
FNDA:0,(anonymous_4)
FNDA:0,(anonymous_5)
FNDA:40,(anonymous_6)
FNDA:0,(anonymous_7)
FNDA:0,(anonymous_8)
FNDA:0,(anonymous_9)
FNDA:0,(anonymous_10)
FNDA:0,(anonymous_11)
FNDA:0,(anonymous_12)
FNDA:0,(anonymous_13)
FNDA:6,(anonymous_14)
FNDA:0,(anonymous_15)
FNDA:0,(anonymous_16)
FNDA:0,(anonymous_17)
FNDA:0,(anonymous_18)
DA:9,31
DA:11,31
DA:12,26
DA:15,31
DA:16,31
DA:17,84
DA:20,31
DA:25,30
DA:26,30
DA:28,0
DA:29,0
DA:33,40
DA:36,0
DA:39,0
DA:41,0
DA:42,0
DA:45,6
DA:50,0
DA:51,0
DA:55,0
DA:56,0
DA:57,0
DA:58,0
DA:60,0
DA:61,0
DA:66,0
LF:26
LH:11
BRDA:25,0,0,30
BRDA:25,0,1,0
BRDA:60,1,0,0
BRDA:60,1,1,0
BRF:4
BRH:1
end_of_record
TN:
SF:C:\Users\Evig\Desktop\1946779-pizza-1\src\frontend\src\store\modules\Orders.store.js
FN:9,(anonymous_0)
FN:10,(anonymous_1)
FN:12,(anonymous_2)
FN:13,(anonymous_3)
FN:17,(anonymous_4)
FN:22,(anonymous_5)
FN:28,(anonymous_6)
FN:33,(anonymous_7)
FN:39,(anonymous_8)
FN:41,(anonymous_9)
FN:42,(anonymous_10)
FN:43,(anonymous_11)
FN:44,(anonymous_12)
FN:48,(anonymous_13)
FN:49,(anonymous_14)
FN:50,(anonymous_15)
FN:53,(anonymous_16)
FN:78,(anonymous_17)
FN:79,(anonymous_18)
FNF:19
FNH:1
FNDA:0,(anonymous_0)
FNDA:1,(anonymous_1)
FNDA:0,(anonymous_2)
FNDA:0,(anonymous_3)
FNDA:0,(anonymous_4)
FNDA:0,(anonymous_5)
FNDA:0,(anonymous_6)
FNDA:0,(anonymous_7)
FNDA:0,(anonymous_8)
FNDA:0,(anonymous_9)
FNDA:0,(anonymous_10)
FNDA:0,(anonymous_11)
FNDA:0,(anonymous_12)
FNDA:0,(anonymous_13)
FNDA:0,(anonymous_14)
FNDA:0,(anonymous_15)
FNDA:0,(anonymous_16)
FNDA:0,(anonymous_17)
FNDA:0,(anonymous_18)
DA:9,0
DA:10,1
DA:13,0
DA:18,0
DA:19,0
DA:23,0
DA:24,0
DA:25,0
DA:29,0
DA:30,0
DA:34,0
DA:35,0
DA:36,0
DA:37,0
DA:39,0
DA:40,0
DA:41,0
DA:42,0
DA:43,0
DA:44,0
DA:45,0
DA:48,0
DA:49,0
DA:50,0
DA:51,0
DA:53,0
DA:54,0
DA:57,0
DA:60,0
DA:70,0
DA:71,0
DA:75,0
DA:76,0
DA:78,0
DA:79,0
DA:80,0
DA:82,0
DA:84,0
LF:38
LH:1
BRDA:43,0,0,0
BRDA:43,0,1,0
BRF:2
BRH:0
end_of_record
TN:
SF:C:\Users\Evig\Desktop\1946779-pizza-1\src\frontend\src\store\modules\index.js
FNF:0
FNH:0
LF:0
LH:0
BRF:0
BRH:0
end_of_record
TN:
SF:C:\Users\Evig\Desktop\1946779-pizza-1\src\frontend\src\views\Cart.vue
FN:340,(anonymous_1)
FN:358,(anonymous_2)
FN:371,(anonymous_3)
FN:384,(anonymous_4)
FN:392,(anonymous_5)
FN:483,(anonymous_6)
FNF:6
FNH:6
FNDA:29,(anonymous_1)
FNDA:35,(anonymous_2)
FNDA:3,(anonymous_3)
FNDA:1,(anonymous_4)
FNDA:6,(anonymous_5)
FNDA:29,(anonymous_6)
DA:325,1
DA:326,1
DA:328,1
DA:330,1
DA:331,1
DA:341,29
DA:359,35
DA:360,29
DA:362,6
DA:372,3
DA:373,1
DA:376,2
DA:377,1
DA:378,1
DA:379,1
DA:381,1
DA:384,2
DA:386,1
DA:387,1
DA:388,1
DA:389,1
DA:394,6
DA:396,3
DA:399,1
DA:407,1
DA:408,1
DA:409,2
DA:411,1
DA:419,1
DA:427,1
DA:428,1
DA:431,1
DA:433,1
DA:441,1
DA:442,1
DA:446,3
DA:448,1
DA:456,1
DA:457,1
DA:461,2
DA:468,2
DA:476,2
DA:477,2
DA:484,29
DA:485,8
DA:486,8
LF:46
LH:46
BRDA:359,0,0,29
BRDA:359,0,1,6
BRDA:372,1,0,1
BRDA:372,1,1,2
BRDA:376,2,0,1
BRDA:376,2,1,1
BRDA:394,3,0,3
BRDA:394,3,1,3
BRDA:396,4,0,1
BRDA:396,4,1,2
BRDA:409,5,0,1
BRDA:409,5,1,1
BRDA:446,6,0,1
BRDA:446,6,1,2
BRDA:484,7,0,8
BRDA:484,7,1,21
BRF:16
BRH:16
end_of_record
TN:
SF:C:\Users\Evig\Desktop\1946779-pizza-1\src\frontend\src\views\Index.vue
FN:120,(anonymous_1)
FN:124,(anonymous_2)
FNF:2
FNH:2
FNDA:1,(anonymous_1)
FNDA:1,(anonymous_2)
DA:88,1
DA:89,1
DA:90,1
DA:91,1
DA:93,1
DA:121,1
DA:125,1
DA:126,1
DA:127,1
DA:128,1
DA:129,1
LF:11
LH:11
BRF:0
BRH:0
end_of_record
TN:
SF:C:\Users\Evig\Desktop\1946779-pizza-1\src\frontend\src\views\Login.vue
FN:68,(anonymous_1)
FN:83,(anonymous_2)
FN:86,(anonymous_3)
FN:91,(anonymous_4)
FN:107,(anonymous_5)
FNF:5
FNH:5
FNDA:3,(anonymous_1)
FNDA:1,(anonymous_2)
FNDA:1,(anonymous_3)
FNDA:2,(anonymous_4)
FNDA:3,(anonymous_5)
DA:63,1
DA:68,3
DA:84,1
DA:87,1
DA:92,2
DA:96,1
DA:99,1
DA:104,1
DA:108,3
LF:9
LH:9
BRDA:92,0,0,1
BRDA:92,0,1,1
BRF:2
BRH:2
end_of_record
TN:
SF:C:\Users\Evig\Desktop\1946779-pizza-1\src\frontend\src\views\Orders.vue
FN:25,(anonymous_1)
FNF:1
FNH:1
FNDA:2,(anonymous_1)
DA:17,1
DA:18,1
DA:26,2
LF:3
LH:3
BRF:0
BRH:0
end_of_record
TN:
SF:C:\Users\Evig\Desktop\1946779-pizza-1\src\frontend\src\views\Popup.vue
FN:53,(anonymous_1)
FNF:1
FNH:1
FNDA:6,(anonymous_1)
DA:31,2
DA:54,6
DA:55,1
DA:56,1
DA:57,1
DA:58,1
DA:60,5
DA:61,5
DA:62,5
DA:63,5
LF:10
LH:10
BRDA:54,0,0,1
BRDA:54,0,1,5
BRF:2
BRH:2
end_of_record
TN:
SF:C:\Users\Evig\Desktop\1946779-pizza-1\src\frontend\src\views\Profile.vue
FN:86,(anonymous_1)
FN:105,(anonymous_2)
FN:109,(anonymous_3)
FN:114,(anonymous_4)
FN:123,(anonymous_5)
FN:132,(anonymous_6)
FNF:6
FNH:6
FNDA:18,(anonymous_1)
FNDA:1,(anonymous_2)
FNDA:1,(anonymous_3)
FNDA:3,(anonymous_4)
FNDA:3,(anonymous_5)
FNDA:18,(anonymous_6)
DA:78,1
DA:79,1
DA:81,1
DA:82,1
DA:86,18
DA:106,1
DA:110,1
DA:111,1
DA:115,3
DA:116,2
DA:117,2
DA:119,1
DA:124,3
DA:125,1
DA:126,2
DA:127,1
DA:133,18
LF:17
LH:17
BRDA:115,0,0,2
BRDA:115,0,1,1
BRDA:124,1,0,1
BRDA:124,1,1,2
BRDA:126,2,0,1
BRDA:126,2,1,1
BRF:6
BRH:6
end_of_record
